2018-06-155 00:06:355 INFO  MainDriver:41 - In main(): 

2018-06-155 00:06:355 INFO  MainDriver:72 - Inside TOP Menu while loop
2018-06-155 00:06:735 INFO  MainDriver:79 - topMenuScan == 2
2018-06-155 00:06:735 INFO  MainDriver:142 - Inside topMenuScan == 2
2018-06-155 00:06:735 INFO  MainDriver:146 - Inside topMenuControl2
2018-06-155 00:06:300 INFO  MainDriver:148 - oracle.jdbc.driver.OraclePreparedStatementWrapper@6f195bc3
2018-06-155 00:06:775 INFO  MainDriver:56 - In SetAccount(): 
2018-06-155 00:06:636 INFO  MainDriver:94 - In ViewAccount(): 
2018-06-155 00:06:579 INFO  MainDriver:20 - In CreateAccount()
2018-06-155 00:06:670 INFO  MainDriver:20 - In CreateAccount()
2018-06-155 00:06:795 INFO  MainDriver:20 - In CreateAccount()
2018-06-155 00:06:915 INFO  MainDriver:56 - In SetAccount(): 
2018-06-155 00:06:916 INFO  MainDriver:94 - In ViewAccount(): 
2018-06-155 00:06:647 INFO  MainDriver:56 - In SetAccount(): 
2018-06-155 00:06:335 INFO  MainDriver:108 - In DeleteAccount(): 
2018-06-155 00:06:07 INFO  MainDriver:56 - In SetAccount(): 
2018-06-155 00:06:918 INFO  MainDriver:94 - In ViewAccount(): 
2018-06-155 00:06:756 INFO  MainDriver:72 - Inside TOP Menu while loop
2018-06-155 00:06:121 INFO  MainDriver:79 - topMenuScan == 0
2018-06-155 00:06:121 INFO  MainDriver:83 - Inside topMenuScan == 0
2018-06-155 00:06:121 INFO  MainDriver:404 - Outside the TOP MENU
2018-06-155 00:06:125 INFO  MainDriver:418 - Closing Connection conn
