2018-06-155 11:06:829 INFO  MainDriver:41 - In main(): 

2018-06-155 11:06:829 INFO  MainDriver:72 - Inside TOP Menu while loop
2018-06-155 11:06:347 INFO  MainDriver:79 - topMenuScan == 2
2018-06-155 11:06:347 INFO  MainDriver:139 - Inside topMenuScan == 2
2018-06-155 11:06:347 INFO  MainDriver:143 - Inside topMenuControl2
2018-06-155 11:06:492 INFO  MainDriver:155 - oracle.jdbc.driver.OraclePreparedStatementWrapper@6f195bc3
2018-06-155 11:06:492 INFO  MainDriver:56 - In SetAccount(): 
2018-06-155 11:06:992 INFO  MainDriver:96 - In ViewAccount(): 
2018-06-155 11:06:519 INFO  MainDriver:56 - In SetAccount(): 
2018-06-155 11:06:09 INFO  MainDriver:142 - In Deposit(): 
2018-06-155 11:06:411 INFO  MainDriver:153 - oracle.jdbc.driver.OraclePreparedStatementWrapper@16267862
2018-06-155 11:06:458 INFO  MainDriver:56 - In SetAccount(): 
2018-06-155 11:06:989 INFO  MainDriver:96 - In ViewAccount(): 
2018-06-155 11:06:990 INFO  MainDriver:56 - In SetAccount(): 
2018-06-155 11:06:483 INFO  MainDriver:96 - In ViewAccount(): 
2018-06-155 11:06:758 INFO  MainDriver:56 - In SetAccount(): 
2018-06-155 11:06:326 INFO  MainDriver:96 - In ViewAccount(): 
2018-06-155 11:06:783 INFO  MainDriver:56 - In SetAccount(): 
2018-06-155 11:06:296 INFO  MainDriver:142 - In Deposit(): 
2018-06-155 11:06:690 INFO  MainDriver:153 - oracle.jdbc.driver.OraclePreparedStatementWrapper@6e38921c
2018-06-155 11:06:742 INFO  MainDriver:56 - In SetAccount(): 
2018-06-155 11:06:236 INFO  MainDriver:96 - In ViewAccount(): 
2018-06-155 11:06:227 INFO  MainDriver:56 - In SetAccount(): 
2018-06-155 11:06:724 INFO  MainDriver:96 - In ViewAccount(): 
2018-06-155 11:06:836 INFO  MainDriver:56 - In SetAccount(): 
2018-06-155 11:06:337 INFO  MainDriver:96 - In ViewAccount(): 
2018-06-155 11:06:256 INFO  MainDriver:56 - In SetAccount(): 
2018-06-155 11:06:832 INFO  MainDriver:142 - In Deposit(): 
2018-06-155 11:06:239 INFO  MainDriver:153 - oracle.jdbc.driver.OraclePreparedStatementWrapper@646be2c3
2018-06-155 11:06:270 INFO  MainDriver:56 - In SetAccount(): 
2018-06-155 11:06:850 INFO  MainDriver:96 - In ViewAccount(): 
2018-06-155 11:06:171 INFO  MainDriver:56 - In SetAccount(): 
2018-06-155 11:06:663 INFO  MainDriver:96 - In ViewAccount(): 
2018-06-155 11:06:350 INFO  MainDriver:56 - In SetAccount(): 
2018-06-155 11:06:915 INFO  MainDriver:96 - In ViewAccount(): 
2018-06-155 11:06:737 INFO  MainDriver:56 - In SetAccount(): 
2018-06-155 11:06:280 INFO  MainDriver:175 - In Withdraw(): 
2018-06-155 11:06:720 INFO  MainDriver:219 - oracle.jdbc.driver.OraclePreparedStatementWrapper@23a5fd2
2018-06-155 11:06:767 INFO  MainDriver:56 - In SetAccount(): 
2018-06-155 11:06:275 INFO  MainDriver:96 - In ViewAccount(): 
2018-06-155 11:06:161 INFO  MainDriver:56 - In SetAccount(): 
2018-06-155 11:06:717 INFO  MainDriver:96 - In ViewAccount(): 
2018-06-155 11:06:584 INFO  MainDriver:56 - In SetAccount(): 
2018-06-155 11:06:70 INFO  MainDriver:96 - In ViewAccount(): 
2018-06-155 11:06:669 INFO  MainDriver:56 - In SetAccount(): 
2018-06-155 11:06:233 INFO  MainDriver:56 - In SetAccount(): 
2018-06-155 11:06:717 INFO  MainDriver:96 - In ViewAccount(): 
2018-06-155 11:06:337 INFO  MainDriver:72 - Inside TOP Menu while loop
2018-06-155 11:06:399 INFO  MainDriver:79 - topMenuScan == 0
2018-06-155 11:06:414 INFO  MainDriver:83 - Inside topMenuScan == 0
2018-06-155 11:06:414 INFO  MainDriver:538 - Outside the TOP MENU
2018-06-155 11:06:414 INFO  MainDriver:552 - Closing Connection conn
