2018-06-155 10:06:775 INFO  MainDriver:41 - In main(): 

2018-06-155 10:06:775 INFO  MainDriver:72 - Inside TOP Menu while loop
2018-06-155 10:06:911 INFO  MainDriver:79 - topMenuScan == 2
2018-06-155 10:06:911 INFO  MainDriver:139 - Inside topMenuScan == 2
2018-06-155 10:06:911 INFO  MainDriver:143 - Inside topMenuControl2
2018-06-155 10:06:601 INFO  MainDriver:155 - oracle.jdbc.driver.OraclePreparedStatementWrapper@6f195bc3
2018-06-155 10:06:140 INFO  MainDriver:56 - In SetAccount(): 
2018-06-155 10:06:625 INFO  MainDriver:96 - In ViewAccount(): 
2018-06-155 10:06:484 INFO  MainDriver:56 - In SetAccount(): 
2018-06-155 10:06:969 INFO  MainDriver:175 - In Withdraw(): 
2018-06-155 10:06:814 INFO  MainDriver:186 - oracle.jdbc.driver.OraclePreparedStatementWrapper@16267862
2018-06-155 10:06:861 INFO  MainDriver:56 - In SetAccount(): 
2018-06-155 10:06:344 INFO  MainDriver:96 - In ViewAccount(): 
2018-06-155 10:06:21 INFO  MainDriver:56 - In SetAccount(): 
2018-06-155 10:06:541 INFO  MainDriver:96 - In ViewAccount(): 
2018-06-155 10:06:479 INFO  MainDriver:56 - In SetAccount(): 
2018-06-155 10:06:40 INFO  MainDriver:56 - In SetAccount(): 
2018-06-155 10:06:527 INFO  MainDriver:96 - In ViewAccount(): 
2018-06-155 10:06:130 INFO  MainDriver:56 - In SetAccount(): 
2018-06-155 10:06:614 INFO  MainDriver:175 - In Withdraw(): 
2018-06-155 10:06:20 INFO  MainDriver:186 - oracle.jdbc.driver.OraclePreparedStatementWrapper@27c6e487
2018-06-155 10:06:67 INFO  MainDriver:56 - In SetAccount(): 
2018-06-155 10:06:551 INFO  MainDriver:96 - In ViewAccount(): 
2018-06-155 10:06:231 INFO  MainDriver:72 - Inside TOP Menu while loop
2018-06-155 10:06:190 INFO  MainDriver:79 - topMenuScan == 0
2018-06-155 10:06:190 INFO  MainDriver:83 - Inside topMenuScan == 0
2018-06-155 10:06:190 INFO  MainDriver:543 - Outside the TOP MENU
2018-06-155 10:06:190 INFO  MainDriver:557 - Closing Connection conn
