2018-06-156 20:06:708 INFO  MainDriver:37 - In main(): 

2018-06-156 20:06:708 INFO  MainDriver:58 - Inside TOP Menu while loop
2018-06-156 20:06:205 INFO  MainDriver:65 - topMenuScan == 1
2018-06-156 20:06:205 INFO  MainDriver:75 - Inside topMenuScan == 1
2018-06-156 20:06:205 INFO  MainDriver:78 - Inside topMenuControl1
2018-06-156 20:06:521 INFO  MainDriver:58 - Inside TOP Menu while loop
2018-06-156 20:06:615 INFO  MainDriver:65 - topMenuScan == 2
2018-06-156 20:06:615 INFO  MainDriver:124 - Inside topMenuScan == 2
2018-06-156 20:06:615 INFO  MainDriver:128 - Inside topMenuControl2
2018-06-156 20:06:521 INFO  MainDriver:148 - oracle.jdbc.driver.OraclePreparedStatementWrapper@32d2fa64
2018-06-156 20:06:787 INFO  MainDriver:98 - oracle.jdbc.driver.OraclePreparedStatementWrapper@27c6e487
2018-06-156 20:06:459 INFO  MainDriver:56 - In SetAccount(): 
2018-06-156 20:06:178 INFO  MainDriver:96 - In ViewAccount(): 
2018-06-156 20:06:67 INFO  MainDriver:98 - oracle.jdbc.driver.OraclePreparedStatementWrapper@28c4711c
2018-06-156 20:06:287 INFO  MainDriver:56 - In SetAccount(): 
2018-06-156 20:06:505 INFO  MainDriver:96 - In ViewAccount(): 
2018-06-156 20:06:708 INFO  MainDriver:58 - Inside TOP Menu while loop
2018-06-156 20:06:693 INFO  MainDriver:65 - topMenuScan == 2
2018-06-156 20:06:693 INFO  MainDriver:124 - Inside topMenuScan == 2
2018-06-156 20:06:693 INFO  MainDriver:128 - Inside topMenuControl2
2018-06-156 20:06:552 INFO  MainDriver:148 - oracle.jdbc.driver.OraclePreparedStatementWrapper@551bdc27
2018-06-156 20:06:143 INFO  MainDriver:58 - Inside TOP Menu while loop
2018-06-156 20:06:855 INFO  MainDriver:65 - topMenuScan == 0
2018-06-156 20:06:855 INFO  MainDriver:69 - Inside topMenuScan == 0
2018-06-156 20:06:856 INFO  MainDriver:706 - Outside the TOP MENU
2018-06-156 20:06:856 INFO  MainDriver:710 - Closing Connection conn
