2018-06-155 00:06:446 INFO  MainDriver:41 - In main(): 

2018-06-155 00:06:446 INFO  MainDriver:72 - Inside TOP Menu while loop
2018-06-155 00:06:416 INFO  MainDriver:79 - topMenuScan == 1
2018-06-155 00:06:416 INFO  MainDriver:89 - Inside topMenuScan == 1
2018-06-155 00:06:416 INFO  MainDriver:92 - Inside topMenuControl1
2018-06-155 00:06:511 INFO  MainDriver:72 - Inside TOP Menu while loop
2018-06-155 00:06:572 INFO  MainDriver:79 - topMenuScan == 1
2018-06-155 00:06:572 INFO  MainDriver:89 - Inside topMenuScan == 1
2018-06-155 00:06:572 INFO  MainDriver:92 - Inside topMenuControl1
2018-06-155 00:06:223 INFO  MainDriver:93 - oracle.jdbc.driver.OraclePreparedStatementWrapper@51e2adc7
2018-06-155 00:06:427 INFO  MainDriver:92 - Inside topMenuControl1
2018-06-155 00:06:795 INFO  MainDriver:93 - oracle.jdbc.driver.OraclePreparedStatementWrapper@12405818
2018-06-155 00:06:873 INFO  MainDriver:92 - Inside topMenuControl1
2018-06-155 00:06:173 INFO  MainDriver:93 - oracle.jdbc.driver.OraclePreparedStatementWrapper@10b48321
2018-06-155 00:06:298 INFO  MainDriver:175 - In CreateUsers(): 
2018-06-155 00:06:286 INFO  MainDriver:210 - oracle.jdbc.driver.OraclePreparedStatementWrapper@71248c21
2018-06-155 00:06:386 INFO  MainDriver:72 - Inside TOP Menu while loop
2018-06-155 00:06:827 INFO  MainDriver:79 - topMenuScan == 2
2018-06-155 00:06:827 INFO  MainDriver:142 - Inside topMenuScan == 2
2018-06-155 00:06:827 INFO  MainDriver:146 - Inside topMenuControl2
2018-06-155 00:06:631 INFO  MainDriver:148 - oracle.jdbc.driver.OraclePreparedStatementWrapper@3d3fcdb0
2018-06-155 00:06:194 INFO  MainDriver:56 - In SetAccount(): 
2018-06-155 00:06:882 INFO  MainDriver:94 - In ViewAccount(): 
2018-06-155 00:06:31 INFO  MainDriver:20 - In CreateAccount()
2018-06-155 00:06:798 INFO  MainDriver:56 - In SetAccount(): 
2018-06-155 00:06:776 INFO  MainDriver:94 - In ViewAccount(): 
2018-06-155 00:06:87 INFO  MainDriver:56 - In SetAccount(): 
2018-06-155 00:06:165 INFO  MainDriver:94 - In ViewAccount(): 
2018-06-155 00:06:852 INFO  MainDriver:56 - In SetAccount(): 
2018-06-155 00:06:838 INFO  MainDriver:108 - In DeleteAccount(): 
2018-06-155 00:06:769 INFO  MainDriver:56 - In SetAccount(): 
2018-06-155 00:06:508 INFO  MainDriver:94 - In ViewAccount(): 
2018-06-155 00:06:470 INFO  MainDriver:72 - Inside TOP Menu while loop
2018-06-155 00:06:910 INFO  MainDriver:79 - topMenuScan == 0
2018-06-155 00:06:910 INFO  MainDriver:83 - Inside topMenuScan == 0
2018-06-155 00:06:910 INFO  MainDriver:404 - Outside the TOP MENU
2018-06-155 00:06:918 INFO  MainDriver:418 - Closing Connection conn
