2018-06-156 20:06:740 INFO  MainDriver:37 - In main(): 

2018-06-156 20:06:740 INFO  MainDriver:58 - Inside TOP Menu while loop
2018-06-156 20:06:911 INFO  MainDriver:65 - topMenuScan == 1
2018-06-156 20:06:911 INFO  MainDriver:75 - Inside topMenuScan == 1
2018-06-156 20:06:911 INFO  MainDriver:78 - Inside topMenuControl1
2018-06-156 20:06:818 INFO  MainDriver:98 - oracle.jdbc.driver.OraclePreparedStatementWrapper@436e852b
2018-06-156 20:06:955 INFO  MainDriver:177 - In CreateUsers(): 
2018-06-156 20:06:740 INFO  MainDriver:213 - oracle.jdbc.driver.OraclePreparedStatementWrapper@1c72da34
2018-06-156 20:06:914 INFO  MainDriver:58 - Inside TOP Menu while loop
2018-06-156 20:06:96 INFO  MainDriver:65 - topMenuScan == 2
2018-06-156 20:06:96 INFO  MainDriver:124 - Inside topMenuScan == 2
2018-06-156 20:06:96 INFO  MainDriver:128 - Inside topMenuControl2
2018-06-156 20:06:908 INFO  MainDriver:148 - oracle.jdbc.driver.OraclePreparedStatementWrapper@3d3fcdb0
2018-06-156 20:06:344 INFO  MainDriver:56 - In SetAccount(): 
2018-06-156 20:06:255 INFO  MainDriver:96 - In ViewAccount(): 
2018-06-156 20:06:361 INFO  MainDriver:20 - In CreateAccount()
2018-06-156 20:06:05 INFO  MainDriver:56 - In SetAccount(): 
2018-06-156 20:06:662 INFO  MainDriver:96 - In ViewAccount(): 
2018-06-156 20:06:21 INFO  MainDriver:56 - In SetAccount(): 
2018-06-156 20:06:786 INFO  MainDriver:96 - In ViewAccount(): 
