2018-06-155 11:06:385 INFO  MainDriver:41 - In main(): 

2018-06-155 11:06:385 INFO  MainDriver:72 - Inside TOP Menu while loop
2018-06-155 11:06:855 INFO  MainDriver:79 - topMenuScan == 2
2018-06-155 11:06:855 INFO  MainDriver:139 - Inside topMenuScan == 2
2018-06-155 11:06:855 INFO  MainDriver:143 - Inside topMenuControl2
2018-06-155 11:06:575 INFO  MainDriver:155 - oracle.jdbc.driver.OraclePreparedStatementWrapper@6f195bc3
2018-06-155 11:06:971 INFO  MainDriver:72 - Inside TOP Menu while loop
2018-06-155 11:06:316 INFO  MainDriver:79 - topMenuScan == 2
2018-06-155 11:06:316 INFO  MainDriver:139 - Inside topMenuScan == 2
2018-06-155 11:06:316 INFO  MainDriver:143 - Inside topMenuControl2
2018-06-155 11:06:444 INFO  MainDriver:155 - oracle.jdbc.driver.OraclePreparedStatementWrapper@10b48321
2018-06-155 11:06:181 INFO  MainDriver:56 - In SetAccount(): 
2018-06-155 11:06:671 INFO  MainDriver:96 - In ViewAccount(): 
2018-06-155 11:06:146 INFO  MainDriver:56 - In SetAccount(): 
2018-06-155 11:06:740 INFO  MainDriver:175 - In Withdraw(): 
2018-06-155 11:06:208 INFO  MainDriver:56 - In SetAccount(): 
2018-06-155 11:06:697 INFO  MainDriver:96 - In ViewAccount(): 
2018-06-155 11:06:894 INFO  MainDriver:72 - Inside TOP Menu while loop
2018-06-155 11:06:771 INFO  MainDriver:79 - topMenuScan == 0
2018-06-155 11:06:771 INFO  MainDriver:83 - Inside topMenuScan == 0
2018-06-155 11:06:771 INFO  MainDriver:538 - Outside the TOP MENU
2018-06-155 11:06:771 INFO  MainDriver:552 - Closing Connection conn
