2018-06-156 20:06:303 INFO  MainDriver:37 - In main(): 

2018-06-156 20:06:303 INFO  MainDriver:58 - Inside TOP Menu while loop
2018-06-156 20:06:908 INFO  MainDriver:65 - topMenuScan == 2
2018-06-156 20:06:908 INFO  MainDriver:124 - Inside topMenuScan == 2
2018-06-156 20:06:908 INFO  MainDriver:128 - Inside topMenuControl2
2018-06-156 20:06:537 INFO  MainDriver:148 - oracle.jdbc.driver.OraclePreparedStatementWrapper@436e852b
2018-06-156 20:06:919 INFO  MainDriver:56 - In SetAccount(): 
2018-06-156 20:06:568 INFO  MainDriver:96 - In ViewAccount(): 
2018-06-156 20:06:569 INFO  MainDriver:56 - In SetAccount(): 
2018-06-156 20:06:87 INFO  MainDriver:96 - In ViewAccount(): 
2018-06-156 20:06:833 INFO  MainDriver:56 - In SetAccount(): 
2018-06-156 20:06:363 INFO  MainDriver:142 - In Deposit(): 
2018-06-156 20:06:799 INFO  MainDriver:153 - oracle.jdbc.driver.OraclePreparedStatementWrapper@38364841
2018-06-156 20:06:909 INFO  MainDriver:56 - In SetAccount(): 
2018-06-156 20:06:677 INFO  MainDriver:96 - In ViewAccount(): 
2018-06-156 20:06:864 INFO  MainDriver:56 - In SetAccount(): 
2018-06-156 20:06:333 INFO  MainDriver:96 - In ViewAccount(): 
2018-06-156 20:06:02 INFO  MainDriver:56 - In SetAccount(): 
2018-06-156 20:06:786 INFO  MainDriver:96 - In ViewAccount(): 
2018-06-156 20:06:601 INFO  MainDriver:56 - In SetAccount(): 
2018-06-156 20:06:56 INFO  MainDriver:96 - In ViewAccount(): 
2018-06-156 20:06:02 INFO  MainDriver:56 - In SetAccount(): 
2018-06-156 20:06:474 INFO  MainDriver:175 - In Withdraw(): 
2018-06-156 20:06:927 INFO  MainDriver:219 - oracle.jdbc.driver.OraclePreparedStatementWrapper@19dc67c2
2018-06-156 20:06:05 INFO  MainDriver:56 - In SetAccount(): 
2018-06-156 20:06:568 INFO  MainDriver:96 - In ViewAccount(): 
2018-06-156 20:06:490 INFO  MainDriver:56 - In SetAccount(): 
2018-06-156 20:06:972 INFO  MainDriver:96 - In ViewAccount(): 
2018-06-156 20:06:646 INFO  MainDriver:20 - In CreateAccount()
2018-06-156 20:06:237 INFO  MainDriver:56 - In SetAccount(): 
2018-06-156 20:06:928 INFO  MainDriver:96 - In ViewAccount(): 
2018-06-156 20:06:146 INFO  MainDriver:56 - In SetAccount(): 
2018-06-156 20:06:99 INFO  MainDriver:96 - In ViewAccount(): 
2018-06-156 20:06:84 INFO  MainDriver:56 - In SetAccount(): 
2018-06-156 20:06:630 INFO  MainDriver:142 - In Deposit(): 
2018-06-156 20:06:68 INFO  MainDriver:153 - oracle.jdbc.driver.OraclePreparedStatementWrapper@3d36e4cd
2018-06-156 20:06:115 INFO  MainDriver:56 - In SetAccount(): 
2018-06-156 20:06:726 INFO  MainDriver:96 - In ViewAccount(): 
2018-06-156 20:06:896 INFO  MainDriver:56 - In SetAccount(): 
2018-06-156 20:06:347 INFO  MainDriver:96 - In ViewAccount(): 
2018-06-156 20:06:190 INFO  MainDriver:56 - In SetAccount(): 
2018-06-156 20:06:102 INFO  MainDriver:96 - In ViewAccount(): 
2018-06-156 20:06:401 INFO  MainDriver:56 - In SetAccount(): 
2018-06-156 20:06:895 INFO  MainDriver:96 - In ViewAccount(): 
2018-06-156 20:06:724 INFO  MainDriver:56 - In SetAccount(): 
2018-06-156 20:06:317 INFO  MainDriver:175 - In Withdraw(): 
2018-06-156 20:06:740 INFO  MainDriver:219 - oracle.jdbc.driver.OraclePreparedStatementWrapper@69b794e2
2018-06-156 20:06:786 INFO  MainDriver:56 - In SetAccount(): 
2018-06-156 20:06:268 INFO  MainDriver:96 - In ViewAccount(): 
2018-06-156 20:06:458 INFO  MainDriver:58 - Inside TOP Menu while loop
2018-06-156 20:06:255 INFO  MainDriver:65 - topMenuScan == 2
2018-06-156 20:06:255 INFO  MainDriver:124 - Inside topMenuScan == 2
2018-06-156 20:06:255 INFO  MainDriver:128 - Inside topMenuControl2
2018-06-156 20:06:158 INFO  MainDriver:58 - Inside TOP Menu while loop
2018-06-156 20:06:755 INFO  MainDriver:65 - topMenuScan == 1
2018-06-156 20:06:755 INFO  MainDriver:75 - Inside topMenuScan == 1
2018-06-156 20:06:755 INFO  MainDriver:78 - Inside topMenuControl1
2018-06-156 20:06:724 INFO  MainDriver:98 - oracle.jdbc.driver.OraclePreparedStatementWrapper@f0f2775
2018-06-156 20:06:876 INFO  MainDriver:78 - Inside topMenuControl1
2018-06-156 20:06:474 INFO  MainDriver:58 - Inside TOP Menu while loop
2018-06-156 20:06:237 INFO  MainDriver:65 - topMenuScan == 2
2018-06-156 20:06:237 INFO  MainDriver:124 - Inside topMenuScan == 2
2018-06-156 20:06:237 INFO  MainDriver:128 - Inside topMenuControl2
2018-06-156 20:06:06 INFO  MainDriver:148 - oracle.jdbc.driver.OraclePreparedStatementWrapper@6591f517
2018-06-156 20:06:896 INFO  MainDriver:56 - In SetAccount(): 
2018-06-156 20:06:475 INFO  MainDriver:96 - In ViewAccount(): 
2018-06-156 20:06:724 INFO  MainDriver:98 - oracle.jdbc.driver.OraclePreparedStatementWrapper@4450d156
2018-06-156 20:06:474 INFO  MainDriver:112 - In DeleteAccount(): 
2018-06-156 20:06:646 INFO  MainDriver:56 - In SetAccount(): 
2018-06-156 20:06:771 INFO  MainDriver:96 - In ViewAccount(): 
2018-06-156 20:06:142 INFO  MainDriver:112 - In DeleteAccount(): 
2018-06-156 20:06:190 INFO  MainDriver:56 - In SetAccount(): 
2018-06-156 20:06:271 INFO  MainDriver:96 - In ViewAccount(): 
2018-06-156 20:06:599 INFO  MainDriver:98 - oracle.jdbc.driver.OraclePreparedStatementWrapper@255b53dc
2018-06-156 20:06:646 INFO  MainDriver:177 - In CreateUsers(): 
