2018-06-156 23:06:490 INFO  MainDriver:36 - In main(): 

2018-06-156 23:06:490 INFO  MainDriver:57 - Inside TOP Menu while loop
2018-06-156 23:06:505 INFO  MainDriver:68 - topMenuScan == 2
2018-06-156 23:06:505 INFO  MainDriver:127 - Inside topMenuScan == 2
2018-06-156 23:06:505 INFO  MainDriver:131 - Inside topMenuControl2
2018-06-156 23:06:164 INFO  MainDriver:168 - oracle.jdbc.driver.OraclePreparedStatementWrapper@cb51256
2018-06-156 23:06:571 INFO  MainDriver:56 - In SetAccount(): 
2018-06-156 23:06:237 INFO  MainDriver:96 - In ViewAccount(): 
2018-06-156 23:06:490 INFO  MainDriver:56 - In SetAccount(): 
2018-06-156 23:06:288 INFO  MainDriver:96 - In ViewAccount(): 
2018-06-156 23:06:130 INFO  MainDriver:56 - In SetAccount(): 
2018-06-156 23:06:661 INFO  MainDriver:56 - In SetAccount(): 
2018-06-156 23:06:211 INFO  MainDriver:96 - In ViewAccount(): 
2018-06-156 23:06:344 INFO  MainDriver:56 - In SetAccount(): 
2018-06-156 23:06:256 INFO  MainDriver:96 - In ViewAccount(): 
2018-06-156 23:06:112 INFO  MainDriver:56 - In SetAccount(): 
2018-06-156 23:06:308 INFO  MainDriver:146 - In Deposit(): 
2018-06-156 23:06:246 INFO  MainDriver:157 - oracle.jdbc.driver.OraclePreparedStatementWrapper@61d47554
2018-06-156 23:06:569 INFO  MainDriver:56 - In SetAccount(): 
2018-06-156 23:06:792 INFO  MainDriver:96 - In ViewAccount(): 
2018-06-156 23:06:365 INFO  MainDriver:56 - In SetAccount(): 
2018-06-156 23:06:943 INFO  MainDriver:96 - In ViewAccount(): 
2018-06-156 23:06:896 INFO  MainDriver:56 - In SetAccount(): 
2018-06-156 23:06:630 INFO  MainDriver:179 - In Withdraw(): 
2018-06-156 23:06:83 INFO  MainDriver:56 - In SetAccount(): 
2018-06-156 23:06:971 INFO  MainDriver:96 - In ViewAccount(): 
2018-06-157 00:06:67 INFO  MainDriver:57 - Inside TOP Menu while loop
2018-06-157 00:06:785 INFO  MainDriver:68 - topMenuScan == 0
2018-06-157 00:06:785 INFO  MainDriver:72 - Inside topMenuScan == 0
2018-06-157 00:06:785 INFO  MainDriver:898 - Outside the TOP MENU
2018-06-157 00:06:793 INFO  MainDriver:902 - Closing Connection conn
