2018-05-149 21:05:332 INFO  BankAppDriver:47 - usernameM: jack
2018-05-149 21:05:332 INFO  BankAppDriver:58 - accountExists: true

2018-05-149 21:05:332 INFO  BankAppDriver:116 - Username: jack
2018-05-149 21:05:332 INFO  BankAppDriver:117 - access level: null
2018-05-149 21:05:332 INFO  BankAppDriver:301 - Begin Deserialization - DeserializeCustomer(): 
2018-05-149 21:05:332 INFO  BankAppDriver:304 - Customer reference is set to null. c = (cParamD = null)
2018-05-149 21:05:441 INFO  BankAppDriver:315 - Check Object Read From .ser File - cParamD: 
2018-05-149 21:05:441 INFO  BankAppDriver:316 - username: jack
2018-05-149 21:05:441 INFO  BankAppDriver:317 - firstName: Jack
2018-05-149 21:05:441 INFO  BankAppDriver:318 - lastName: Jill
2018-05-149 21:05:441 INFO  BankAppDriver:319 - address1: 123 ABC St
2018-05-149 21:05:441 INFO  BankAppDriver:320 - address2: Apt 1234
2018-05-149 21:05:441 INFO  BankAppDriver:321 - city: Dallas
2018-05-149 21:05:441 INFO  BankAppDriver:322 - state: TX
2018-05-149 21:05:441 INFO  BankAppDriver:323 - phoneNumber: 1234567890
2018-05-149 21:05:441 INFO  BankAppDriver:324 - email: bankadmin@gmail.com
2018-05-149 21:05:441 INFO  BankAppDriver:325 - accessLevel: customer
2018-05-149 21:05:441 INFO  BankAppDriver:334 - End Deserialization - DeserializeCustomer() 

2018-05-149 21:05:441 INFO  BankAppDriver:358 - accessLvel: customer
2018-05-149 21:05:801 INFO  BankAppDriver:89 - Begin Deposit(): 
2018-05-149 21:05:801 INFO  BankAppDriver:93 - Deposit Amount: 5.00
2018-05-149 21:05:816 INFO  BankAppDriver:103 - Before Depositing, Balance = 39.00
2018-05-149 21:05:816 INFO  BankAppDriver:109 - After Depositing, Balance = 44.00
2018-05-149 21:05:816 INFO  BankAppDriver:23 - Begin Serialization - WriteAccount(): 
2018-05-149 21:05:816 INFO  BankAppDriver:32 - Serialized data will be written in bankcust/account/accjack.ser
2018-05-149 21:05:816 INFO  BankAppDriver:40 - Check Variable of Type Double Written To .ser File - balance
2018-05-149 21:05:816 INFO  BankAppDriver:41 - balance: 44.00
2018-05-149 21:05:816 INFO  BankAppDriver:46 - End Serialization - WriteAccount() 

2018-05-149 21:05:816 INFO  BankAppDriver:128 - End Deposit() 

2018-05-149 21:05:411 INFO  BankAppDriver:89 - Begin Deposit(): 
2018-05-149 21:05:411 INFO  BankAppDriver:93 - Deposit Amount: 5.00
2018-05-149 21:05:411 INFO  BankAppDriver:103 - Before Depositing, Balance = 44.00
2018-05-149 21:05:411 INFO  BankAppDriver:109 - After Depositing, Balance = 49.00
2018-05-149 21:05:426 INFO  BankAppDriver:23 - Begin Serialization - WriteAccount(): 
2018-05-149 21:05:426 INFO  BankAppDriver:32 - Serialized data will be written in bankcust/account/accjack.ser
2018-05-149 21:05:426 INFO  BankAppDriver:40 - Check Variable of Type Double Written To .ser File - balance
2018-05-149 21:05:426 INFO  BankAppDriver:41 - balance: 49.00
2018-05-149 21:05:426 INFO  BankAppDriver:46 - End Serialization - WriteAccount() 

2018-05-149 21:05:426 INFO  BankAppDriver:128 - End Deposit() 

