2018-05-149 23:05:963 INFO  BankAppDriver:25 - Begin Customer Creation: 
2018-05-149 23:05:963 INFO  BankAppDriver:40 - CreateCustomer(): 
2018-05-149 23:05:963 INFO  BankAppDriver:41 - username: dual
2018-05-149 23:05:963 INFO  BankAppDriver:42 - firstName: Jack
2018-05-149 23:05:963 INFO  BankAppDriver:43 - lastName: Jill
2018-05-149 23:05:963 INFO  BankAppDriver:44 - address1: 123 ABC St
2018-05-149 23:05:963 INFO  BankAppDriver:45 - address2: Apt 1234
2018-05-149 23:05:963 INFO  BankAppDriver:46 - city: Dallas
2018-05-149 23:05:963 INFO  BankAppDriver:47 - state: TX
2018-05-149 23:05:963 INFO  BankAppDriver:48 - phoneNumber: 1234567890
2018-05-149 23:05:963 INFO  BankAppDriver:49 - email: jackjill@gmail.com
2018-05-149 23:05:963 INFO  BankAppDriver:50 - accessLve: customer
2018-05-149 23:05:963 INFO  BankAppDriver:51 - End Customer Creation 

2018-05-149 23:05:963 INFO  BankAppDriver:383 - Begin Serialization - SerializeCustomer(): 
2018-05-149 23:05:994 INFO  BankAppDriver:397 - Check Object Written To .ser File - cParamS: 
2018-05-149 23:05:994 INFO  BankAppDriver:398 - username: dual
2018-05-149 23:05:994 INFO  BankAppDriver:399 - firstName: Jack
2018-05-149 23:05:994 INFO  BankAppDriver:400 - lastName: Jill
2018-05-149 23:05:994 INFO  BankAppDriver:401 - address1: 123 ABC St
2018-05-149 23:05:994 INFO  BankAppDriver:402 - address2: Apt 1234
2018-05-149 23:05:994 INFO  BankAppDriver:403 - city: Dallas
2018-05-149 23:05:994 INFO  BankAppDriver:404 - state: TX
2018-05-149 23:05:994 INFO  BankAppDriver:405 - phoneNumber: 1234567890
2018-05-149 23:05:994 INFO  BankAppDriver:406 - email: jackjill@gmail.com
2018-05-149 23:05:994 INFO  BankAppDriver:407 - accessLevel: customer
2018-05-149 23:05:994 INFO  BankAppDriver:419 - End Serialization - SerializeCustomer() 

2018-05-149 23:05:994 INFO  BankAppDriver:86 - c.username created: dual

2018-05-149 23:05:09 INFO  BankAppDriver:23 - Begin Serialization - WriteAccount(): 
2018-05-149 23:05:10 INFO  BankAppDriver:32 - Serialized data will be written in bankcust/account/accdual.ser
2018-05-149 23:05:10 INFO  BankAppDriver:40 - Check Variable of Type Double Written To .ser File - balance
2018-05-149 23:05:10 INFO  BankAppDriver:41 - balance: 0.00
2018-05-149 23:05:10 INFO  BankAppDriver:46 - End Serialization - WriteAccount() 

2018-05-149 23:05:10 INFO  BankAppDriver:433 - Begin Deserialization - DeserializeCustomer(): 
2018-05-149 23:05:10 INFO  BankAppDriver:436 - Customer reference is set to null. c = (cParamD = null)
2018-05-149 23:05:135 INFO  BankAppDriver:447 - Check Object Read From .ser File - cParamD: 
2018-05-149 23:05:135 INFO  BankAppDriver:448 - username: dual
2018-05-149 23:05:135 INFO  BankAppDriver:449 - firstName: Jack
2018-05-149 23:05:135 INFO  BankAppDriver:450 - lastName: Jill
2018-05-149 23:05:135 INFO  BankAppDriver:451 - address1: 123 ABC St
2018-05-149 23:05:135 INFO  BankAppDriver:452 - address2: Apt 1234
2018-05-149 23:05:135 INFO  BankAppDriver:453 - city: Dallas
2018-05-149 23:05:135 INFO  BankAppDriver:454 - state: TX
2018-05-149 23:05:135 INFO  BankAppDriver:455 - phoneNumber: 1234567890
2018-05-149 23:05:135 INFO  BankAppDriver:456 - email: jackjill@gmail.com
2018-05-149 23:05:135 INFO  BankAppDriver:457 - accessLevel: customer
2018-05-149 23:05:135 INFO  BankAppDriver:466 - End Deserialization - DeserializeCustomer() 

2018-05-149 23:05:135 INFO  BankAppDriver:490 - accessLvel: customer
2018-05-149 23:05:135 INFO  BankAppDriver:58 - Begin Deserialization - View Balance(): 
2018-05-149 23:05:135 INFO  BankAppDriver:60 - Account reference is set to null. a = (custAcc = null) 
2018-05-149 23:05:135 INFO  BankAppDriver:69 - Check Variable of Type Double Read From .ser File - balance
2018-05-149 23:05:135 INFO  BankAppDriver:70 - balance: 0.00
2018-05-149 23:05:135 INFO  BankAppDriver:85 - End Deserialization - View Balance() 

2018-05-149 23:05:135 INFO  BankAppDriver:100 - jointAccount = false
2018-05-149 23:05:459 INFO  BankAppDriver:25 - Begin Customer Creation: 
2018-05-149 23:05:459 INFO  BankAppDriver:40 - CreateCustomer(): 
2018-05-149 23:05:459 INFO  BankAppDriver:41 - username: alarm
2018-05-149 23:05:459 INFO  BankAppDriver:42 - firstName: Jack
2018-05-149 23:05:459 INFO  BankAppDriver:43 - lastName: Jill
2018-05-149 23:05:459 INFO  BankAppDriver:44 - address1: 123 ABC St
2018-05-149 23:05:459 INFO  BankAppDriver:45 - address2: Apt 1234
2018-05-149 23:05:459 INFO  BankAppDriver:46 - city: Dallas
2018-05-149 23:05:459 INFO  BankAppDriver:47 - state: TX
2018-05-149 23:05:459 INFO  BankAppDriver:48 - phoneNumber: 1234567890
2018-05-149 23:05:459 INFO  BankAppDriver:49 - email: jackjill@gmail.com
2018-05-149 23:05:459 INFO  BankAppDriver:50 - accessLve: customer
2018-05-149 23:05:459 INFO  BankAppDriver:51 - End Customer Creation 

2018-05-149 23:05:459 INFO  BankAppDriver:383 - Begin Serialization - SerializeCustomer(): 
2018-05-149 23:05:459 INFO  BankAppDriver:397 - Check Object Written To .ser File - cParamS: 
2018-05-149 23:05:459 INFO  BankAppDriver:398 - username: dual
2018-05-149 23:05:459 INFO  BankAppDriver:399 - firstName: Jack
2018-05-149 23:05:459 INFO  BankAppDriver:400 - lastName: Jill
2018-05-149 23:05:459 INFO  BankAppDriver:401 - address1: 123 ABC St
2018-05-149 23:05:459 INFO  BankAppDriver:402 - address2: Apt 1234
2018-05-149 23:05:459 INFO  BankAppDriver:403 - city: Dallas
2018-05-149 23:05:459 INFO  BankAppDriver:404 - state: TX
2018-05-149 23:05:459 INFO  BankAppDriver:405 - phoneNumber: 1234567890
2018-05-149 23:05:459 INFO  BankAppDriver:406 - email: jackjill@gmail.com
2018-05-149 23:05:459 INFO  BankAppDriver:407 - accessLevel: customer
2018-05-149 23:05:459 INFO  BankAppDriver:409 - secondJointAccUsername: alarm
2018-05-149 23:05:459 INFO  BankAppDriver:419 - End Serialization - SerializeCustomer() 

2018-05-149 23:05:459 INFO  BankAppDriver:383 - Begin Serialization - SerializeCustomer(): 
2018-05-149 23:05:471 INFO  BankAppDriver:397 - Check Object Written To .ser File - cParamS: 
2018-05-149 23:05:472 INFO  BankAppDriver:398 - username: alarm
2018-05-149 23:05:472 INFO  BankAppDriver:399 - firstName: Jack
2018-05-149 23:05:472 INFO  BankAppDriver:400 - lastName: Jill
2018-05-149 23:05:472 INFO  BankAppDriver:401 - address1: 123 ABC St
2018-05-149 23:05:472 INFO  BankAppDriver:402 - address2: Apt 1234
2018-05-149 23:05:472 INFO  BankAppDriver:403 - city: Dallas
2018-05-149 23:05:472 INFO  BankAppDriver:404 - state: TX
2018-05-149 23:05:472 INFO  BankAppDriver:405 - phoneNumber: 1234567890
2018-05-149 23:05:472 INFO  BankAppDriver:406 - email: jackjill@gmail.com
2018-05-149 23:05:472 INFO  BankAppDriver:407 - accessLevel: customer
2018-05-149 23:05:472 INFO  BankAppDriver:409 - secondJointAccUsername: dual
2018-05-149 23:05:472 INFO  BankAppDriver:419 - End Serialization - SerializeCustomer() 

2018-05-149 23:05:472 INFO  BankAppDriver:141 - d.username created: alarm
2018-05-149 23:05:472 INFO  BankAppDriver:23 - Begin Serialization - WriteAccount(): 
2018-05-149 23:05:472 INFO  BankAppDriver:32 - Serialized data will be written in bankcust/account/accalarm.ser
2018-05-149 23:05:472 INFO  BankAppDriver:40 - Check Variable of Type Double Written To .ser File - balance
2018-05-149 23:05:472 INFO  BankAppDriver:41 - balance: 0.00
2018-05-149 23:05:472 INFO  BankAppDriver:46 - End Serialization - WriteAccount() 

2018-05-149 23:05:472 INFO  BankAppDriver:433 - Begin Deserialization - DeserializeCustomer(): 
2018-05-149 23:05:472 INFO  BankAppDriver:436 - Customer reference is set to null. c = (cParamD = null)
2018-05-149 23:05:472 INFO  BankAppDriver:447 - Check Object Read From .ser File - cParamD: 
2018-05-149 23:05:472 INFO  BankAppDriver:448 - username: alarm
2018-05-149 23:05:472 INFO  BankAppDriver:449 - firstName: Jack
2018-05-149 23:05:472 INFO  BankAppDriver:450 - lastName: Jill
2018-05-149 23:05:472 INFO  BankAppDriver:451 - address1: 123 ABC St
2018-05-149 23:05:472 INFO  BankAppDriver:452 - address2: Apt 1234
2018-05-149 23:05:472 INFO  BankAppDriver:453 - city: Dallas
2018-05-149 23:05:472 INFO  BankAppDriver:454 - state: TX
2018-05-149 23:05:472 INFO  BankAppDriver:455 - phoneNumber: 1234567890
2018-05-149 23:05:472 INFO  BankAppDriver:456 - email: jackjill@gmail.com
2018-05-149 23:05:472 INFO  BankAppDriver:457 - accessLevel: customer
2018-05-149 23:05:472 INFO  BankAppDriver:459 - secondJointAccUsername: dual
2018-05-149 23:05:472 INFO  BankAppDriver:466 - End Deserialization - DeserializeCustomer() 

2018-05-149 23:05:472 INFO  BankAppDriver:490 - accessLvel: customer
2018-05-149 23:05:472 INFO  BankAppDriver:58 - Begin Deserialization - View Balance(): 
2018-05-149 23:05:472 INFO  BankAppDriver:60 - Account reference is set to null. a = (custAcc = null) 
2018-05-149 23:05:472 INFO  BankAppDriver:69 - Check Variable of Type Double Read From .ser File - balance
2018-05-149 23:05:472 INFO  BankAppDriver:70 - balance: 0.00
2018-05-149 23:05:472 INFO  BankAppDriver:85 - End Deserialization - View Balance() 

