2018-05-149 23:05:120 INFO  BankAppDriver:194 - Username: wake
2018-05-149 23:05:121 INFO  BankAppDriver:195 - access level: null
2018-05-149 23:05:121 INFO  BankAppDriver:409 - Begin Deserialization - DeserializeCustomer(): 
2018-05-149 23:05:121 INFO  BankAppDriver:412 - Customer reference is set to null. c = (cParamD = null)
2018-05-149 23:05:215 INFO  BankAppDriver:423 - Check Object Read From .ser File - cParamD: 
2018-05-149 23:05:215 INFO  BankAppDriver:424 - username: wake
2018-05-149 23:05:215 INFO  BankAppDriver:425 - firstName: Jack
2018-05-149 23:05:215 INFO  BankAppDriver:426 - lastName: Jill
2018-05-149 23:05:215 INFO  BankAppDriver:427 - address1: 123 ABC St
2018-05-149 23:05:215 INFO  BankAppDriver:428 - address2: Apt 1234
2018-05-149 23:05:215 INFO  BankAppDriver:429 - city: Dallas
2018-05-149 23:05:215 INFO  BankAppDriver:430 - state: TX
2018-05-149 23:05:215 INFO  BankAppDriver:431 - phoneNumber: 1234567890
2018-05-149 23:05:215 INFO  BankAppDriver:432 - email: jackjill@gmail.com
2018-05-149 23:05:215 INFO  BankAppDriver:433 - accessLevel: customer
2018-05-149 23:05:215 INFO  BankAppDriver:435 - secondJointAccUsername: sleep
2018-05-149 23:05:215 INFO  BankAppDriver:442 - End Deserialization - DeserializeCustomer() 

2018-05-149 23:05:215 INFO  BankAppDriver:466 - accessLvel: customer
2018-05-149 23:05:784 INFO  BankAppDriver:58 - Begin Deserialization - View Balance(): 
2018-05-149 23:05:784 INFO  BankAppDriver:60 - Account reference is set to null. a = (custAcc = null) 
2018-05-149 23:05:784 INFO  BankAppDriver:69 - Check Variable of Type Double Read From .ser File - balance
2018-05-149 23:05:799 INFO  BankAppDriver:70 - balance: 36.00
2018-05-149 23:05:800 INFO  BankAppDriver:85 - End Deserialization - View Balance() 

2018-05-149 23:05:437 INFO  BankAppDriver:89 - Begin Deposit(): 
2018-05-149 23:05:437 INFO  BankAppDriver:93 - Deposit Amount: 4.00
2018-05-149 23:05:437 INFO  BankAppDriver:103 - Before Depositing, Balance = 36.00
2018-05-149 23:05:441 INFO  BankAppDriver:115 - After Depositing, Balance = 40.00
2018-05-149 23:05:442 INFO  BankAppDriver:23 - Begin Serialization - WriteAccount(): 
2018-05-149 23:05:443 INFO  BankAppDriver:32 - Serialized data will be written in bankcust/account/accwake.ser
2018-05-149 23:05:443 INFO  BankAppDriver:40 - Check Variable of Type Double Written To .ser File - balance
2018-05-149 23:05:443 INFO  BankAppDriver:41 - balance: 40.00
2018-05-149 23:05:443 INFO  BankAppDriver:46 - End Serialization - WriteAccount() 

2018-05-149 23:05:443 INFO  BankAppDriver:135 - End Deposit() 

2018-05-149 23:05:443 INFO  BankAppDriver:58 - Begin Deserialization - View Balance(): 
2018-05-149 23:05:443 INFO  BankAppDriver:60 - Account reference is set to null. a = (custAcc = null) 
2018-05-149 23:05:443 INFO  BankAppDriver:69 - Check Variable of Type Double Read From .ser File - balance
2018-05-149 23:05:443 INFO  BankAppDriver:70 - balance: 40.00
2018-05-149 23:05:443 INFO  BankAppDriver:85 - End Deserialization - View Balance() 

2018-05-149 23:05:148 INFO  BankAppDriver:139 - Begin Withdraw(): 
2018-05-149 23:05:148 INFO  BankAppDriver:141 - Username: wake
2018-05-149 23:05:148 INFO  BankAppDriver:144 - Withdraw Amount: 5.00
2018-05-149 23:05:148 INFO  BankAppDriver:154 - Before Withdrawing, Balance = 40.00
2018-05-149 23:05:152 INFO  BankAppDriver:164 - After Withdrawing, Balance = 35.00

2018-05-149 23:05:152 INFO  BankAppDriver:23 - Begin Serialization - WriteAccount(): 
2018-05-149 23:05:154 INFO  BankAppDriver:32 - Serialized data will be written in bankcust/account/accwake.ser
2018-05-149 23:05:154 INFO  BankAppDriver:40 - Check Variable of Type Double Written To .ser File - balance
2018-05-149 23:05:154 INFO  BankAppDriver:41 - balance: 35.00
2018-05-149 23:05:154 INFO  BankAppDriver:46 - End Serialization - WriteAccount() 

2018-05-149 23:05:154 INFO  BankAppDriver:183 - End Withdraw() 

2018-05-149 23:05:154 INFO  BankAppDriver:58 - Begin Deserialization - View Balance(): 
2018-05-149 23:05:154 INFO  BankAppDriver:60 - Account reference is set to null. a = (custAcc = null) 
2018-05-149 23:05:154 INFO  BankAppDriver:69 - Check Variable of Type Double Read From .ser File - balance
2018-05-149 23:05:154 INFO  BankAppDriver:70 - balance: 35.00
2018-05-149 23:05:154 INFO  BankAppDriver:85 - End Deserialization - View Balance() 

2018-05-149 23:05:825 INFO  BankAppDriver:58 - Begin Deserialization - View Balance(): 
2018-05-149 23:05:825 INFO  BankAppDriver:60 - Account reference is set to null. a = (custAcc = null) 
2018-05-149 23:05:825 INFO  BankAppDriver:69 - Check Variable of Type Double Read From .ser File - balance
2018-05-149 23:05:825 INFO  BankAppDriver:70 - balance: 35.00
2018-05-149 23:05:825 INFO  BankAppDriver:85 - End Deserialization - View Balance() 

2018-05-149 23:05:290 INFO  BankAppDriver:188 - Begin Transfer(): 
2018-05-149 23:05:290 INFO  BankAppDriver:196 - Transfer Amount: 10.00
2018-05-149 23:05:290 INFO  BankAppDriver:200 - Transfer Into Account From Joint Account.
2018-05-149 23:05:290 INFO  BankAppDriver:139 - Begin Withdraw(): 
2018-05-149 23:05:306 INFO  BankAppDriver:141 - Username: sleep
2018-05-149 23:05:306 INFO  BankAppDriver:144 - Withdraw Amount: 10.00
2018-05-149 23:05:306 INFO  BankAppDriver:154 - Before Withdrawing, Balance = -16.00
2018-05-149 23:05:306 INFO  BankAppDriver:164 - After Withdrawing, Balance = -26.00

2018-05-149 23:05:306 INFO  BankAppDriver:23 - Begin Serialization - WriteAccount(): 
2018-05-149 23:05:311 INFO  BankAppDriver:32 - Serialized data will be written in bankcust/account/accsleep.ser
2018-05-149 23:05:312 INFO  BankAppDriver:40 - Check Variable of Type Double Written To .ser File - balance
2018-05-149 23:05:313 INFO  BankAppDriver:41 - balance: -26.00
2018-05-149 23:05:313 INFO  BankAppDriver:46 - End Serialization - WriteAccount() 

2018-05-149 23:05:313 INFO  BankAppDriver:183 - End Withdraw() 

2018-05-149 23:05:313 INFO  BankAppDriver:89 - Begin Deposit(): 
2018-05-149 23:05:313 INFO  BankAppDriver:93 - Deposit Amount: 10.00
2018-05-149 23:05:313 INFO  BankAppDriver:103 - Before Depositing, Balance = 35.00
2018-05-149 23:05:313 INFO  BankAppDriver:115 - After Depositing, Balance = 45.00
2018-05-149 23:05:313 INFO  BankAppDriver:23 - Begin Serialization - WriteAccount(): 
2018-05-149 23:05:313 INFO  BankAppDriver:32 - Serialized data will be written in bankcust/account/accwake.ser
2018-05-149 23:05:313 INFO  BankAppDriver:40 - Check Variable of Type Double Written To .ser File - balance
2018-05-149 23:05:313 INFO  BankAppDriver:41 - balance: 45.00
2018-05-149 23:05:313 INFO  BankAppDriver:46 - End Serialization - WriteAccount() 

2018-05-149 23:05:313 INFO  BankAppDriver:135 - End Deposit() 

2018-05-149 23:05:313 INFO  BankAppDriver:212 - End Transfer() 

2018-05-149 23:05:313 INFO  BankAppDriver:58 - Begin Deserialization - View Balance(): 
2018-05-149 23:05:313 INFO  BankAppDriver:60 - Account reference is set to null. a = (custAcc = null) 
2018-05-149 23:05:313 INFO  BankAppDriver:69 - Check Variable of Type Double Read From .ser File - balance
2018-05-149 23:05:313 INFO  BankAppDriver:70 - balance: 45.00
2018-05-149 23:05:313 INFO  BankAppDriver:85 - End Deserialization - View Balance() 

