2018-05-149 14:05:573 INFO  BankAppDriver:45 - usernameM: rafael
2018-05-149 14:05:573 INFO  BankAppDriver:56 - accountExists: true

2018-05-149 14:05:589 INFO  BankAppDriver:114 - Username: rafael
2018-05-149 14:05:589 INFO  BankAppDriver:132 - Begin Withdraw(): 
2018-05-149 14:05:589 INFO  BankAppDriver:136 - Withdraw Amount: 1.00
2018-05-149 14:05:714 INFO  BankAppDriver:146 - Before Withdrawing, Balance = 0.00
2018-05-149 14:05:714 INFO  BankAppDriver:152 - After Withdrawing, Balance = -1.00
2018-05-149 14:05:714 INFO  BankAppDriver:23 - Begin Serialization - WriteAccount(): 
2018-05-149 14:05:730 INFO  BankAppDriver:32 - Serialized data will be written in bankcust/account/accrafael.ser
2018-05-149 14:05:730 INFO  BankAppDriver:40 - Check Variable of Type Double Written To .ser File - balance
2018-05-149 14:05:730 INFO  BankAppDriver:41 - balance: -1.00
2018-05-149 14:05:730 INFO  BankAppDriver:46 - End Serialization - WriteAccount() 

2018-05-149 14:05:730 INFO  BankAppDriver:170 - End Withdraw() 

2018-05-149 14:05:730 INFO  BankAppDriver:175 - Begin Transfer(): 
2018-05-149 14:05:730 INFO  BankAppDriver:183 - Transfer Amount: 2.00
2018-05-149 14:05:730 INFO  BankAppDriver:187 - Transfer Into Account From Joint Account.
2018-05-149 14:05:730 INFO  BankAppDriver:132 - Begin Withdraw(): 
2018-05-149 14:05:730 INFO  BankAppDriver:136 - Withdraw Amount: 2.00
2018-05-149 14:05:730 INFO  BankAppDriver:170 - End Withdraw() 

2018-05-149 14:05:730 INFO  BankAppDriver:89 - Begin Deposit(): 
2018-05-149 14:05:730 INFO  BankAppDriver:93 - Deposit Amount: 2.00
2018-05-149 14:05:745 INFO  BankAppDriver:128 - End Deposit() 

2018-05-149 14:05:745 INFO  BankAppDriver:199 - End Transfer() 

2018-05-149 14:05:745 INFO  BankAppDriver:58 - Begin Deserialization - View Balance(): 
2018-05-149 14:05:745 INFO  BankAppDriver:60 - Account reference is set to null. a = (custAcc = null) 
2018-05-149 14:05:745 INFO  BankAppDriver:69 - Check Variable of Type Double Read From .ser File - balance
2018-05-149 14:05:745 INFO  BankAppDriver:70 - balance: -1.00
2018-05-149 14:05:745 INFO  BankAppDriver:85 - End Deserialization - View Balance() 

2018-05-149 14:05:745 INFO  BankAppDriver:58 - Begin Deserialization - View Balance(): 
2018-05-149 14:05:745 INFO  BankAppDriver:60 - Account reference is set to null. a = (custAcc = null) 
2018-05-149 14:05:745 INFO  BankAppDriver:69 - Check Variable of Type Double Read From .ser File - balance
2018-05-149 14:05:745 INFO  BankAppDriver:70 - balance: 6.00
2018-05-149 14:05:745 INFO  BankAppDriver:85 - End Deserialization - View Balance() 

