2018-05-149 23:05:996 INFO  BankAppDriver:25 - Begin Customer Creation: 
2018-05-149 23:05:996 INFO  BankAppDriver:40 - CreateCustomer(): 
2018-05-149 23:05:996 INFO  BankAppDriver:41 - username: wake
2018-05-149 23:05:996 INFO  BankAppDriver:42 - firstName: Jack
2018-05-149 23:05:996 INFO  BankAppDriver:43 - lastName: Jill
2018-05-149 23:05:996 INFO  BankAppDriver:44 - address1: 123 ABC St
2018-05-149 23:05:996 INFO  BankAppDriver:45 - address2: Apt 1234
2018-05-149 23:05:996 INFO  BankAppDriver:46 - city: Dallas
2018-05-149 23:05:996 INFO  BankAppDriver:47 - state: TX
2018-05-149 23:05:996 INFO  BankAppDriver:48 - phoneNumber: 1234567890
2018-05-149 23:05:996 INFO  BankAppDriver:49 - email: jackjill@gmail.com
2018-05-149 23:05:996 INFO  BankAppDriver:50 - accessLve: customer
2018-05-149 23:05:11 INFO  BankAppDriver:51 - End Customer Creation 

2018-05-149 23:05:11 INFO  BankAppDriver:349 - Begin Serialization - SerializeCustomer(): 
2018-05-149 23:05:27 INFO  BankAppDriver:363 - Check Object Written To .ser File - cParamS: 
2018-05-149 23:05:27 INFO  BankAppDriver:364 - username: wake
2018-05-149 23:05:43 INFO  BankAppDriver:365 - firstName: Jack
2018-05-149 23:05:43 INFO  BankAppDriver:366 - lastName: Jill
2018-05-149 23:05:43 INFO  BankAppDriver:367 - address1: 123 ABC St
2018-05-149 23:05:43 INFO  BankAppDriver:368 - address2: Apt 1234
2018-05-149 23:05:43 INFO  BankAppDriver:369 - city: Dallas
2018-05-149 23:05:43 INFO  BankAppDriver:370 - state: TX
2018-05-149 23:05:43 INFO  BankAppDriver:371 - phoneNumber: 1234567890
2018-05-149 23:05:43 INFO  BankAppDriver:372 - email: jackjill@gmail.com
2018-05-149 23:05:43 INFO  BankAppDriver:373 - accessLevel: customer
2018-05-149 23:05:43 INFO  BankAppDriver:385 - End Serialization - SerializeCustomer() 

2018-05-149 23:05:43 INFO  BankAppDriver:86 - c.username created: wake

2018-05-149 23:05:46 INFO  BankAppDriver:23 - Begin Serialization - WriteAccount(): 
2018-05-149 23:05:47 INFO  BankAppDriver:32 - Serialized data will be written in bankcust/account/accwake.ser
2018-05-149 23:05:47 INFO  BankAppDriver:40 - Check Variable of Type Double Written To .ser File - balance
2018-05-149 23:05:47 INFO  BankAppDriver:41 - balance: 0.00
2018-05-149 23:05:47 INFO  BankAppDriver:46 - End Serialization - WriteAccount() 

2018-05-149 23:05:47 INFO  BankAppDriver:399 - Begin Deserialization - DeserializeCustomer(): 
2018-05-149 23:05:47 INFO  BankAppDriver:402 - Customer reference is set to null. c = (cParamD = null)
2018-05-149 23:05:141 INFO  BankAppDriver:413 - Check Object Read From .ser File - cParamD: 
2018-05-149 23:05:141 INFO  BankAppDriver:414 - username: wake
2018-05-149 23:05:141 INFO  BankAppDriver:415 - firstName: Jack
2018-05-149 23:05:141 INFO  BankAppDriver:416 - lastName: Jill
2018-05-149 23:05:141 INFO  BankAppDriver:417 - address1: 123 ABC St
2018-05-149 23:05:141 INFO  BankAppDriver:418 - address2: Apt 1234
2018-05-149 23:05:141 INFO  BankAppDriver:419 - city: Dallas
2018-05-149 23:05:141 INFO  BankAppDriver:420 - state: TX
2018-05-149 23:05:141 INFO  BankAppDriver:421 - phoneNumber: 1234567890
2018-05-149 23:05:141 INFO  BankAppDriver:422 - email: jackjill@gmail.com
2018-05-149 23:05:141 INFO  BankAppDriver:423 - accessLevel: customer
2018-05-149 23:05:141 INFO  BankAppDriver:432 - End Deserialization - DeserializeCustomer() 

2018-05-149 23:05:141 INFO  BankAppDriver:456 - accessLvel: customer
2018-05-149 23:05:141 INFO  BankAppDriver:58 - Begin Deserialization - View Balance(): 
2018-05-149 23:05:156 INFO  BankAppDriver:60 - Account reference is set to null. a = (custAcc = null) 
2018-05-149 23:05:156 INFO  BankAppDriver:69 - Check Variable of Type Double Read From .ser File - balance
2018-05-149 23:05:156 INFO  BankAppDriver:70 - balance: 0.00
2018-05-149 23:05:156 INFO  BankAppDriver:85 - End Deserialization - View Balance() 

2018-05-149 23:05:156 INFO  BankAppDriver:100 - jointAccount = false
2018-05-149 23:05:838 INFO  BankAppDriver:25 - Begin Customer Creation: 
2018-05-149 23:05:838 INFO  BankAppDriver:40 - CreateCustomer(): 
2018-05-149 23:05:838 INFO  BankAppDriver:41 - username: sleep
2018-05-149 23:05:838 INFO  BankAppDriver:42 - firstName: Jack
2018-05-149 23:05:838 INFO  BankAppDriver:43 - lastName: Jill
2018-05-149 23:05:838 INFO  BankAppDriver:44 - address1: 123 ABC St
2018-05-149 23:05:838 INFO  BankAppDriver:45 - address2: Apt 1234
2018-05-149 23:05:838 INFO  BankAppDriver:46 - city: Dallas
2018-05-149 23:05:838 INFO  BankAppDriver:47 - state: TX
2018-05-149 23:05:838 INFO  BankAppDriver:48 - phoneNumber: 1234567890
2018-05-149 23:05:838 INFO  BankAppDriver:49 - email: jackjill@gmail.com
2018-05-149 23:05:838 INFO  BankAppDriver:50 - accessLve: customer
2018-05-149 23:05:838 INFO  BankAppDriver:51 - End Customer Creation 

2018-05-149 23:05:838 INFO  BankAppDriver:349 - Begin Serialization - SerializeCustomer(): 
2018-05-149 23:05:838 INFO  BankAppDriver:363 - Check Object Written To .ser File - cParamS: 
2018-05-149 23:05:838 INFO  BankAppDriver:364 - username: wake
2018-05-149 23:05:838 INFO  BankAppDriver:365 - firstName: Jack
2018-05-149 23:05:838 INFO  BankAppDriver:366 - lastName: Jill
2018-05-149 23:05:838 INFO  BankAppDriver:367 - address1: 123 ABC St
2018-05-149 23:05:838 INFO  BankAppDriver:368 - address2: Apt 1234
2018-05-149 23:05:838 INFO  BankAppDriver:369 - city: Dallas
2018-05-149 23:05:838 INFO  BankAppDriver:370 - state: TX
2018-05-149 23:05:838 INFO  BankAppDriver:371 - phoneNumber: 1234567890
2018-05-149 23:05:838 INFO  BankAppDriver:372 - email: jackjill@gmail.com
2018-05-149 23:05:838 INFO  BankAppDriver:373 - accessLevel: customer
2018-05-149 23:05:838 INFO  BankAppDriver:375 - secondJointAccUsername: sleep
2018-05-149 23:05:838 INFO  BankAppDriver:385 - End Serialization - SerializeCustomer() 

2018-05-149 23:05:838 INFO  BankAppDriver:349 - Begin Serialization - SerializeCustomer(): 
2018-05-149 23:05:849 INFO  BankAppDriver:363 - Check Object Written To .ser File - cParamS: 
2018-05-149 23:05:850 INFO  BankAppDriver:364 - username: sleep
2018-05-149 23:05:850 INFO  BankAppDriver:365 - firstName: Jack
2018-05-149 23:05:850 INFO  BankAppDriver:366 - lastName: Jill
2018-05-149 23:05:850 INFO  BankAppDriver:367 - address1: 123 ABC St
2018-05-149 23:05:850 INFO  BankAppDriver:368 - address2: Apt 1234
2018-05-149 23:05:850 INFO  BankAppDriver:369 - city: Dallas
2018-05-149 23:05:850 INFO  BankAppDriver:370 - state: TX
2018-05-149 23:05:850 INFO  BankAppDriver:371 - phoneNumber: 1234567890
2018-05-149 23:05:850 INFO  BankAppDriver:372 - email: jackjill@gmail.com
2018-05-149 23:05:850 INFO  BankAppDriver:373 - accessLevel: customer
2018-05-149 23:05:850 INFO  BankAppDriver:375 - secondJointAccUsername: wake
2018-05-149 23:05:850 INFO  BankAppDriver:385 - End Serialization - SerializeCustomer() 

2018-05-149 23:05:850 INFO  BankAppDriver:140 - d.username created: sleep
2018-05-149 23:05:850 INFO  BankAppDriver:23 - Begin Serialization - WriteAccount(): 
2018-05-149 23:05:850 INFO  BankAppDriver:32 - Serialized data will be written in bankcust/account/accsleep.ser
2018-05-149 23:05:850 INFO  BankAppDriver:40 - Check Variable of Type Double Written To .ser File - balance
2018-05-149 23:05:850 INFO  BankAppDriver:41 - balance: 0.00
2018-05-149 23:05:850 INFO  BankAppDriver:46 - End Serialization - WriteAccount() 

2018-05-149 23:05:850 INFO  BankAppDriver:399 - Begin Deserialization - DeserializeCustomer(): 
2018-05-149 23:05:850 INFO  BankAppDriver:402 - Customer reference is set to null. c = (cParamD = null)
2018-05-149 23:05:850 INFO  BankAppDriver:413 - Check Object Read From .ser File - cParamD: 
2018-05-149 23:05:850 INFO  BankAppDriver:414 - username: sleep
2018-05-149 23:05:850 INFO  BankAppDriver:415 - firstName: Jack
2018-05-149 23:05:850 INFO  BankAppDriver:416 - lastName: Jill
2018-05-149 23:05:850 INFO  BankAppDriver:417 - address1: 123 ABC St
2018-05-149 23:05:850 INFO  BankAppDriver:418 - address2: Apt 1234
2018-05-149 23:05:850 INFO  BankAppDriver:419 - city: Dallas
2018-05-149 23:05:850 INFO  BankAppDriver:420 - state: TX
2018-05-149 23:05:850 INFO  BankAppDriver:421 - phoneNumber: 1234567890
2018-05-149 23:05:850 INFO  BankAppDriver:422 - email: jackjill@gmail.com
2018-05-149 23:05:850 INFO  BankAppDriver:423 - accessLevel: customer
2018-05-149 23:05:850 INFO  BankAppDriver:425 - secondJointAccUsername: wake
2018-05-149 23:05:850 INFO  BankAppDriver:432 - End Deserialization - DeserializeCustomer() 

2018-05-149 23:05:850 INFO  BankAppDriver:456 - accessLvel: customer
2018-05-149 23:05:850 INFO  BankAppDriver:58 - Begin Deserialization - View Balance(): 
2018-05-149 23:05:850 INFO  BankAppDriver:60 - Account reference is set to null. a = (custAcc = null) 
2018-05-149 23:05:850 INFO  BankAppDriver:69 - Check Variable of Type Double Read From .ser File - balance
2018-05-149 23:05:850 INFO  BankAppDriver:70 - balance: 0.00
2018-05-149 23:05:850 INFO  BankAppDriver:85 - End Deserialization - View Balance() 

