2018-05-149 22:05:978 INFO  BankAppDriver:47 - usernameM: jack
2018-05-149 22:05:978 INFO  BankAppDriver:58 - accountExists: true

2018-05-149 22:05:978 INFO  BankAppDriver:116 - Username: jack
2018-05-149 22:05:978 INFO  BankAppDriver:117 - access level: null
2018-05-149 22:05:978 INFO  BankAppDriver:305 - Begin Deserialization - DeserializeCustomer(): 
2018-05-149 22:05:978 INFO  BankAppDriver:308 - Customer reference is set to null. c = (cParamD = null)
2018-05-149 22:05:119 INFO  BankAppDriver:319 - Check Object Read From .ser File - cParamD: 
2018-05-149 22:05:119 INFO  BankAppDriver:320 - username: jack
2018-05-149 22:05:119 INFO  BankAppDriver:321 - firstName: Jack
2018-05-149 22:05:119 INFO  BankAppDriver:322 - lastName: Jill
2018-05-149 22:05:119 INFO  BankAppDriver:323 - address1: 123 ABC St
2018-05-149 22:05:119 INFO  BankAppDriver:324 - address2: Apt 1234
2018-05-149 22:05:119 INFO  BankAppDriver:325 - city: Dallas
2018-05-149 22:05:119 INFO  BankAppDriver:326 - state: TX
2018-05-149 22:05:119 INFO  BankAppDriver:327 - phoneNumber: 1234567890
2018-05-149 22:05:119 INFO  BankAppDriver:328 - email: bankadmin@gmail.com
2018-05-149 22:05:119 INFO  BankAppDriver:329 - accessLevel: customer
2018-05-149 22:05:119 INFO  BankAppDriver:338 - End Deserialization - DeserializeCustomer() 

2018-05-149 22:05:119 INFO  BankAppDriver:362 - accessLvel: customer
2018-05-149 22:05:614 INFO  BankAppDriver:58 - Begin Deserialization - View Balance(): 
2018-05-149 22:05:614 INFO  BankAppDriver:60 - Account reference is set to null. a = (custAcc = null) 
2018-05-149 22:05:614 INFO  BankAppDriver:69 - Check Variable of Type Double Read From .ser File - balance
2018-05-149 22:05:629 INFO  BankAppDriver:70 - balance: 80.00
2018-05-149 22:05:629 INFO  BankAppDriver:85 - End Deserialization - View Balance() 

2018-05-149 22:05:206 INFO  BankAppDriver:89 - Begin Deposit(): 
2018-05-149 22:05:206 INFO  BankAppDriver:93 - Deposit Amount: 5.00
2018-05-149 22:05:206 INFO  BankAppDriver:103 - Before Depositing, Balance = 80.00
2018-05-149 22:05:219 INFO  BankAppDriver:115 - After Depositing, Balance = 85.00
2018-05-149 22:05:219 INFO  BankAppDriver:23 - Begin Serialization - WriteAccount(): 
2018-05-149 22:05:221 INFO  BankAppDriver:32 - Serialized data will be written in bankcust/account/accjack.ser
2018-05-149 22:05:221 INFO  BankAppDriver:40 - Check Variable of Type Double Written To .ser File - balance
2018-05-149 22:05:221 INFO  BankAppDriver:41 - balance: 85.00
2018-05-149 22:05:221 INFO  BankAppDriver:46 - End Serialization - WriteAccount() 

2018-05-149 22:05:221 INFO  BankAppDriver:135 - End Deposit() 

2018-05-149 22:05:221 INFO  BankAppDriver:58 - Begin Deserialization - View Balance(): 
2018-05-149 22:05:221 INFO  BankAppDriver:60 - Account reference is set to null. a = (custAcc = null) 
2018-05-149 22:05:221 INFO  BankAppDriver:69 - Check Variable of Type Double Read From .ser File - balance
2018-05-149 22:05:221 INFO  BankAppDriver:70 - balance: 85.00
2018-05-149 22:05:221 INFO  BankAppDriver:85 - End Deserialization - View Balance() 

2018-05-149 22:05:82 INFO  BankAppDriver:58 - Begin Deserialization - View Balance(): 
2018-05-149 22:05:82 INFO  BankAppDriver:60 - Account reference is set to null. a = (custAcc = null) 
2018-05-149 22:05:82 INFO  BankAppDriver:69 - Check Variable of Type Double Read From .ser File - balance
2018-05-149 22:05:82 INFO  BankAppDriver:70 - balance: 85.00
2018-05-149 22:05:82 INFO  BankAppDriver:85 - End Deserialization - View Balance() 

2018-05-149 22:05:946 INFO  BankAppDriver:139 - Begin Withdraw(): 
2018-05-149 22:05:946 INFO  BankAppDriver:141 - Username: jack
2018-05-149 22:05:946 INFO  BankAppDriver:144 - Withdraw Amount: 2.50
2018-05-149 22:05:946 INFO  BankAppDriver:154 - Before Withdrawing, Balance = 85.00
2018-05-149 22:05:946 INFO  BankAppDriver:164 - After Withdrawing, Balance = 82.50

2018-05-149 22:05:950 INFO  BankAppDriver:23 - Begin Serialization - WriteAccount(): 
2018-05-149 22:05:953 INFO  BankAppDriver:32 - Serialized data will be written in bankcust/account/accjack.ser
2018-05-149 22:05:953 INFO  BankAppDriver:40 - Check Variable of Type Double Written To .ser File - balance
2018-05-149 22:05:953 INFO  BankAppDriver:41 - balance: 82.50
2018-05-149 22:05:953 INFO  BankAppDriver:46 - End Serialization - WriteAccount() 

2018-05-149 22:05:953 INFO  BankAppDriver:182 - End Withdraw() 

2018-05-149 22:05:953 INFO  BankAppDriver:58 - Begin Deserialization - View Balance(): 
2018-05-149 22:05:953 INFO  BankAppDriver:60 - Account reference is set to null. a = (custAcc = null) 
2018-05-149 22:05:953 INFO  BankAppDriver:69 - Check Variable of Type Double Read From .ser File - balance
2018-05-149 22:05:953 INFO  BankAppDriver:70 - balance: 82.50
2018-05-149 22:05:953 INFO  BankAppDriver:85 - End Deserialization - View Balance() 

2018-05-149 22:05:895 INFO  BankAppDriver:58 - Begin Deserialization - View Balance(): 
2018-05-149 22:05:895 INFO  BankAppDriver:60 - Account reference is set to null. a = (custAcc = null) 
2018-05-149 22:05:895 INFO  BankAppDriver:69 - Check Variable of Type Double Read From .ser File - balance
2018-05-149 22:05:895 INFO  BankAppDriver:70 - balance: 82.50
2018-05-149 22:05:895 INFO  BankAppDriver:85 - End Deserialization - View Balance() 

