2018-05-150 09:05:997 INFO  BankAppDriver:27 - Begin Customer Creation: 
2018-05-150 09:05:713 INFO  BankAppDriver:58 - CreateCustomer(): 
2018-05-150 09:05:713 INFO  BankAppDriver:59 - username: lovely
2018-05-150 09:05:713 INFO  BankAppDriver:60 - firstName: Lovely
2018-05-150 09:05:713 INFO  BankAppDriver:61 - lastName: Please
2018-05-150 09:05:713 INFO  BankAppDriver:62 - address1: Work
2018-05-150 09:05:729 INFO  BankAppDriver:63 - address2: Thank
2018-05-150 09:05:729 INFO  BankAppDriver:64 - city: You
2018-05-150 09:05:729 INFO  BankAppDriver:65 - state: Very
2018-05-150 09:05:729 INFO  BankAppDriver:66 - phoneNumber: Much
2018-05-150 09:05:729 INFO  BankAppDriver:67 - email: Cool
2018-05-150 09:05:729 INFO  BankAppDriver:68 - accessLve: customer
2018-05-150 09:05:729 INFO  BankAppDriver:69 - End Customer Creation 

2018-05-150 09:05:729 INFO  BankAppDriver:399 - Begin Serialization - SerializeCustomer(): 
2018-05-150 09:05:760 INFO  BankAppDriver:413 - Check Object Written To .ser File - cParamS: 
2018-05-150 09:05:760 INFO  BankAppDriver:414 - username: lovely
2018-05-150 09:05:760 INFO  BankAppDriver:415 - firstName: Lovely
2018-05-150 09:05:760 INFO  BankAppDriver:416 - lastName: Please
2018-05-150 09:05:760 INFO  BankAppDriver:417 - address1: Work
2018-05-150 09:05:760 INFO  BankAppDriver:418 - address2: Thank
2018-05-150 09:05:760 INFO  BankAppDriver:419 - city: You
2018-05-150 09:05:760 INFO  BankAppDriver:420 - state: Very
2018-05-150 09:05:760 INFO  BankAppDriver:421 - phoneNumber: Much
2018-05-150 09:05:760 INFO  BankAppDriver:422 - email: Cool
2018-05-150 09:05:760 INFO  BankAppDriver:423 - accessLevel: customer
2018-05-150 09:05:760 INFO  BankAppDriver:435 - End Serialization - SerializeCustomer() 

2018-05-150 09:05:760 INFO  BankAppDriver:88 - c.username created: lovely

2018-05-150 09:05:766 INFO  BankAppDriver:23 - Begin Serialization - WriteAccount(): 
2018-05-150 09:05:768 INFO  BankAppDriver:32 - Serialized data will be written in bankcust/account/acclovely.ser
2018-05-150 09:05:768 INFO  BankAppDriver:40 - Check Variable of Type Double Written To .ser File - balance
2018-05-150 09:05:768 INFO  BankAppDriver:41 - balance: 0.00
2018-05-150 09:05:768 INFO  BankAppDriver:46 - End Serialization - WriteAccount() 

2018-05-150 09:05:768 INFO  BankAppDriver:449 - Begin Deserialization - DeserializeCustomer(): 
2018-05-150 09:05:768 INFO  BankAppDriver:452 - Customer reference is set to null. c = (cParamD = null)
2018-05-150 09:05:877 INFO  BankAppDriver:463 - Check Object Read From .ser File - cParamD: 
2018-05-150 09:05:877 INFO  BankAppDriver:464 - username: lovely
2018-05-150 09:05:877 INFO  BankAppDriver:465 - firstName: Lovely
2018-05-150 09:05:877 INFO  BankAppDriver:466 - lastName: Please
2018-05-150 09:05:877 INFO  BankAppDriver:467 - address1: Work
2018-05-150 09:05:877 INFO  BankAppDriver:468 - address2: Thank
2018-05-150 09:05:877 INFO  BankAppDriver:469 - city: You
2018-05-150 09:05:877 INFO  BankAppDriver:470 - state: Very
2018-05-150 09:05:877 INFO  BankAppDriver:471 - phoneNumber: Much
2018-05-150 09:05:877 INFO  BankAppDriver:472 - email: Cool
2018-05-150 09:05:877 INFO  BankAppDriver:473 - accessLevel: customer
2018-05-150 09:05:877 INFO  BankAppDriver:482 - End Deserialization - DeserializeCustomer() 

2018-05-150 09:05:877 INFO  BankAppDriver:506 - accessLvel: customer
2018-05-150 09:05:877 INFO  BankAppDriver:58 - Begin Deserialization - View Balance(): 
2018-05-150 09:05:877 INFO  BankAppDriver:60 - Account reference is set to null. a = (custAcc = null) 
2018-05-150 09:05:877 INFO  BankAppDriver:69 - Check Variable of Type Double Read From .ser File - balance
2018-05-150 09:05:877 INFO  BankAppDriver:70 - balance: 0.00
2018-05-150 09:05:877 INFO  BankAppDriver:85 - End Deserialization - View Balance() 

2018-05-150 09:05:877 INFO  BankAppDriver:102 - jointAccount = false
2018-05-150 09:05:350 INFO  BankAppDriver:27 - Begin Customer Creation: 
2018-05-150 09:05:257 INFO  BankAppDriver:58 - CreateCustomer(): 
2018-05-150 09:05:257 INFO  BankAppDriver:59 - username: LovelyJoint
2018-05-150 09:05:257 INFO  BankAppDriver:60 - firstName: LovelyJoint
2018-05-150 09:05:257 INFO  BankAppDriver:61 - lastName: User
2018-05-150 09:05:257 INFO  BankAppDriver:62 - address1: Please
2018-05-150 09:05:257 INFO  BankAppDriver:63 - address2: Also
2018-05-150 09:05:257 INFO  BankAppDriver:64 - city: Work
2018-05-150 09:05:257 INFO  BankAppDriver:65 - state: Thank
2018-05-150 09:05:257 INFO  BankAppDriver:66 - phoneNumber: You
2018-05-150 09:05:257 INFO  BankAppDriver:67 - email: VeryMuch
2018-05-150 09:05:257 INFO  BankAppDriver:68 - accessLve: customer
2018-05-150 09:05:257 INFO  BankAppDriver:69 - End Customer Creation 

2018-05-150 09:05:257 INFO  BankAppDriver:399 - Begin Serialization - SerializeCustomer(): 
2018-05-150 09:05:257 INFO  BankAppDriver:413 - Check Object Written To .ser File - cParamS: 
2018-05-150 09:05:257 INFO  BankAppDriver:414 - username: lovely
2018-05-150 09:05:257 INFO  BankAppDriver:415 - firstName: Lovely
2018-05-150 09:05:257 INFO  BankAppDriver:416 - lastName: Please
2018-05-150 09:05:257 INFO  BankAppDriver:417 - address1: Work
2018-05-150 09:05:257 INFO  BankAppDriver:418 - address2: Thank
2018-05-150 09:05:257 INFO  BankAppDriver:419 - city: You
2018-05-150 09:05:257 INFO  BankAppDriver:420 - state: Very
2018-05-150 09:05:257 INFO  BankAppDriver:421 - phoneNumber: Much
2018-05-150 09:05:257 INFO  BankAppDriver:422 - email: Cool
2018-05-150 09:05:257 INFO  BankAppDriver:423 - accessLevel: customer
2018-05-150 09:05:257 INFO  BankAppDriver:425 - secondJointAccUsername: LovelyJoint
2018-05-150 09:05:257 INFO  BankAppDriver:435 - End Serialization - SerializeCustomer() 

2018-05-150 09:05:273 INFO  BankAppDriver:399 - Begin Serialization - SerializeCustomer(): 
2018-05-150 09:05:275 INFO  BankAppDriver:413 - Check Object Written To .ser File - cParamS: 
2018-05-150 09:05:275 INFO  BankAppDriver:414 - username: LovelyJoint
2018-05-150 09:05:275 INFO  BankAppDriver:415 - firstName: LovelyJoint
2018-05-150 09:05:275 INFO  BankAppDriver:416 - lastName: User
2018-05-150 09:05:275 INFO  BankAppDriver:417 - address1: Please
2018-05-150 09:05:275 INFO  BankAppDriver:418 - address2: Also
2018-05-150 09:05:275 INFO  BankAppDriver:419 - city: Work
2018-05-150 09:05:275 INFO  BankAppDriver:420 - state: Thank
2018-05-150 09:05:275 INFO  BankAppDriver:421 - phoneNumber: You
2018-05-150 09:05:275 INFO  BankAppDriver:422 - email: VeryMuch
2018-05-150 09:05:275 INFO  BankAppDriver:423 - accessLevel: customer
2018-05-150 09:05:275 INFO  BankAppDriver:425 - secondJointAccUsername: lovely
2018-05-150 09:05:275 INFO  BankAppDriver:435 - End Serialization - SerializeCustomer() 

2018-05-150 09:05:275 INFO  BankAppDriver:144 - d.username created: LovelyJoint
2018-05-150 09:05:275 INFO  BankAppDriver:23 - Begin Serialization - WriteAccount(): 
2018-05-150 09:05:275 INFO  BankAppDriver:32 - Serialized data will be written in bankcust/account/accLovelyJoint.ser
2018-05-150 09:05:275 INFO  BankAppDriver:40 - Check Variable of Type Double Written To .ser File - balance
2018-05-150 09:05:275 INFO  BankAppDriver:41 - balance: 0.00
2018-05-150 09:05:275 INFO  BankAppDriver:46 - End Serialization - WriteAccount() 

2018-05-150 09:05:275 INFO  BankAppDriver:449 - Begin Deserialization - DeserializeCustomer(): 
2018-05-150 09:05:275 INFO  BankAppDriver:452 - Customer reference is set to null. c = (cParamD = null)
2018-05-150 09:05:275 INFO  BankAppDriver:463 - Check Object Read From .ser File - cParamD: 
2018-05-150 09:05:275 INFO  BankAppDriver:464 - username: LovelyJoint
2018-05-150 09:05:275 INFO  BankAppDriver:465 - firstName: LovelyJoint
2018-05-150 09:05:275 INFO  BankAppDriver:466 - lastName: User
2018-05-150 09:05:275 INFO  BankAppDriver:467 - address1: Please
2018-05-150 09:05:275 INFO  BankAppDriver:468 - address2: Also
2018-05-150 09:05:275 INFO  BankAppDriver:469 - city: Work
2018-05-150 09:05:275 INFO  BankAppDriver:470 - state: Thank
2018-05-150 09:05:275 INFO  BankAppDriver:471 - phoneNumber: You
2018-05-150 09:05:275 INFO  BankAppDriver:472 - email: VeryMuch
2018-05-150 09:05:275 INFO  BankAppDriver:473 - accessLevel: customer
2018-05-150 09:05:275 INFO  BankAppDriver:475 - secondJointAccUsername: lovely
2018-05-150 09:05:275 INFO  BankAppDriver:482 - End Deserialization - DeserializeCustomer() 

2018-05-150 09:05:275 INFO  BankAppDriver:506 - accessLvel: customer
2018-05-150 09:05:275 INFO  BankAppDriver:58 - Begin Deserialization - View Balance(): 
2018-05-150 09:05:275 INFO  BankAppDriver:60 - Account reference is set to null. a = (custAcc = null) 
2018-05-150 09:05:275 INFO  BankAppDriver:69 - Check Variable of Type Double Read From .ser File - balance
2018-05-150 09:05:275 INFO  BankAppDriver:70 - balance: 0.00
2018-05-150 09:05:275 INFO  BankAppDriver:85 - End Deserialization - View Balance() 

