2018-05-150 01:05:532 INFO  BankAppDriver:27 - Begin Customer Creation: 
2018-05-150 01:05:954 INFO  BankAppDriver:58 - CreateCustomer(): 
2018-05-150 01:05:954 INFO  BankAppDriver:59 - username: george
2018-05-150 01:05:954 INFO  BankAppDriver:60 - firstName: george
2018-05-150 01:05:954 INFO  BankAppDriver:61 - lastName: washington
2018-05-150 01:05:954 INFO  BankAppDriver:62 - address1: 1
2018-05-150 01:05:954 INFO  BankAppDriver:63 - address2: 2
2018-05-150 01:05:954 INFO  BankAppDriver:64 - city: 2
2018-05-150 01:05:954 INFO  BankAppDriver:65 - state: 3
2018-05-150 01:05:954 INFO  BankAppDriver:66 - phoneNumber: 4
2018-05-150 01:05:969 INFO  BankAppDriver:67 - email: 5
2018-05-150 01:05:969 INFO  BankAppDriver:68 - accessLve: customer
2018-05-150 01:05:969 INFO  BankAppDriver:69 - End Customer Creation 

2018-05-150 01:05:969 INFO  BankAppDriver:399 - Begin Serialization - SerializeCustomer(): 
2018-05-150 01:05:985 INFO  BankAppDriver:413 - Check Object Written To .ser File - cParamS: 
2018-05-150 01:05:985 INFO  BankAppDriver:414 - username: george
2018-05-150 01:05:01 INFO  BankAppDriver:415 - firstName: george
2018-05-150 01:05:01 INFO  BankAppDriver:416 - lastName: washington
2018-05-150 01:05:01 INFO  BankAppDriver:417 - address1: 1
2018-05-150 01:05:01 INFO  BankAppDriver:418 - address2: 2
2018-05-150 01:05:01 INFO  BankAppDriver:419 - city: 2
2018-05-150 01:05:01 INFO  BankAppDriver:420 - state: 3
2018-05-150 01:05:01 INFO  BankAppDriver:421 - phoneNumber: 4
2018-05-150 01:05:01 INFO  BankAppDriver:422 - email: 5
2018-05-150 01:05:01 INFO  BankAppDriver:423 - accessLevel: customer
2018-05-150 01:05:01 INFO  BankAppDriver:435 - End Serialization - SerializeCustomer() 

2018-05-150 01:05:01 INFO  BankAppDriver:88 - c.username created: george

2018-05-150 01:05:01 INFO  BankAppDriver:23 - Begin Serialization - WriteAccount(): 
2018-05-150 01:05:01 INFO  BankAppDriver:32 - Serialized data will be written in bankcust/account/accgeorge.ser
2018-05-150 01:05:01 INFO  BankAppDriver:40 - Check Variable of Type Double Written To .ser File - balance
2018-05-150 01:05:01 INFO  BankAppDriver:41 - balance: 0.00
2018-05-150 01:05:01 INFO  BankAppDriver:46 - End Serialization - WriteAccount() 

2018-05-150 01:05:01 INFO  BankAppDriver:449 - Begin Deserialization - DeserializeCustomer(): 
2018-05-150 01:05:01 INFO  BankAppDriver:452 - Customer reference is set to null. c = (cParamD = null)
2018-05-150 01:05:110 INFO  BankAppDriver:463 - Check Object Read From .ser File - cParamD: 
2018-05-150 01:05:110 INFO  BankAppDriver:464 - username: george
2018-05-150 01:05:110 INFO  BankAppDriver:465 - firstName: george
2018-05-150 01:05:110 INFO  BankAppDriver:466 - lastName: washington
2018-05-150 01:05:110 INFO  BankAppDriver:467 - address1: 1
2018-05-150 01:05:110 INFO  BankAppDriver:468 - address2: 2
2018-05-150 01:05:110 INFO  BankAppDriver:469 - city: 2
2018-05-150 01:05:110 INFO  BankAppDriver:470 - state: 3
2018-05-150 01:05:110 INFO  BankAppDriver:471 - phoneNumber: 4
2018-05-150 01:05:110 INFO  BankAppDriver:472 - email: 5
2018-05-150 01:05:110 INFO  BankAppDriver:473 - accessLevel: customer
2018-05-150 01:05:110 INFO  BankAppDriver:482 - End Deserialization - DeserializeCustomer() 

2018-05-150 01:05:110 INFO  BankAppDriver:506 - accessLvel: customer
2018-05-150 01:05:110 INFO  BankAppDriver:58 - Begin Deserialization - View Balance(): 
2018-05-150 01:05:110 INFO  BankAppDriver:60 - Account reference is set to null. a = (custAcc = null) 
2018-05-150 01:05:110 INFO  BankAppDriver:69 - Check Variable of Type Double Read From .ser File - balance
2018-05-150 01:05:126 INFO  BankAppDriver:70 - balance: 0.00
2018-05-150 01:05:126 INFO  BankAppDriver:85 - End Deserialization - View Balance() 

2018-05-150 01:05:126 INFO  BankAppDriver:102 - jointAccount = false
2018-05-150 01:05:322 INFO  BankAppDriver:27 - Begin Customer Creation: 
2018-05-150 01:05:336 INFO  BankAppDriver:58 - CreateCustomer(): 
2018-05-150 01:05:336 INFO  BankAppDriver:59 - username: google
2018-05-150 01:05:336 INFO  BankAppDriver:60 - firstName: google
2018-05-150 01:05:336 INFO  BankAppDriver:61 - lastName: world
2018-05-150 01:05:336 INFO  BankAppDriver:62 - address1: 1
2018-05-150 01:05:336 INFO  BankAppDriver:63 - address2: 2
2018-05-150 01:05:336 INFO  BankAppDriver:64 - city: 3
2018-05-150 01:05:336 INFO  BankAppDriver:65 - state: 3
2018-05-150 01:05:336 INFO  BankAppDriver:66 - phoneNumber: 4
2018-05-150 01:05:336 INFO  BankAppDriver:67 - email: 5
2018-05-150 01:05:336 INFO  BankAppDriver:68 - accessLve: customer
2018-05-150 01:05:336 INFO  BankAppDriver:69 - End Customer Creation 

2018-05-150 01:05:336 INFO  BankAppDriver:399 - Begin Serialization - SerializeCustomer(): 
2018-05-150 01:05:336 INFO  BankAppDriver:413 - Check Object Written To .ser File - cParamS: 
2018-05-150 01:05:352 INFO  BankAppDriver:414 - username: george
2018-05-150 01:05:352 INFO  BankAppDriver:415 - firstName: george
2018-05-150 01:05:352 INFO  BankAppDriver:416 - lastName: washington
2018-05-150 01:05:352 INFO  BankAppDriver:417 - address1: 1
2018-05-150 01:05:352 INFO  BankAppDriver:418 - address2: 2
2018-05-150 01:05:352 INFO  BankAppDriver:419 - city: 2
2018-05-150 01:05:352 INFO  BankAppDriver:420 - state: 3
2018-05-150 01:05:352 INFO  BankAppDriver:421 - phoneNumber: 4
2018-05-150 01:05:352 INFO  BankAppDriver:422 - email: 5
2018-05-150 01:05:352 INFO  BankAppDriver:423 - accessLevel: customer
2018-05-150 01:05:352 INFO  BankAppDriver:425 - secondJointAccUsername: google
2018-05-150 01:05:352 INFO  BankAppDriver:435 - End Serialization - SerializeCustomer() 

2018-05-150 01:05:352 INFO  BankAppDriver:399 - Begin Serialization - SerializeCustomer(): 
2018-05-150 01:05:352 INFO  BankAppDriver:413 - Check Object Written To .ser File - cParamS: 
2018-05-150 01:05:352 INFO  BankAppDriver:414 - username: google
2018-05-150 01:05:352 INFO  BankAppDriver:415 - firstName: google
2018-05-150 01:05:352 INFO  BankAppDriver:416 - lastName: world
2018-05-150 01:05:352 INFO  BankAppDriver:417 - address1: 1
2018-05-150 01:05:352 INFO  BankAppDriver:418 - address2: 2
2018-05-150 01:05:352 INFO  BankAppDriver:419 - city: 3
2018-05-150 01:05:352 INFO  BankAppDriver:420 - state: 3
2018-05-150 01:05:352 INFO  BankAppDriver:421 - phoneNumber: 4
2018-05-150 01:05:352 INFO  BankAppDriver:422 - email: 5
2018-05-150 01:05:352 INFO  BankAppDriver:423 - accessLevel: customer
2018-05-150 01:05:352 INFO  BankAppDriver:425 - secondJointAccUsername: george
2018-05-150 01:05:352 INFO  BankAppDriver:435 - End Serialization - SerializeCustomer() 

2018-05-150 01:05:352 INFO  BankAppDriver:144 - d.username created: google
2018-05-150 01:05:352 INFO  BankAppDriver:23 - Begin Serialization - WriteAccount(): 
2018-05-150 01:05:352 INFO  BankAppDriver:32 - Serialized data will be written in bankcust/account/accgoogle.ser
2018-05-150 01:05:352 INFO  BankAppDriver:40 - Check Variable of Type Double Written To .ser File - balance
2018-05-150 01:05:352 INFO  BankAppDriver:41 - balance: 0.00
2018-05-150 01:05:352 INFO  BankAppDriver:46 - End Serialization - WriteAccount() 

2018-05-150 01:05:352 INFO  BankAppDriver:449 - Begin Deserialization - DeserializeCustomer(): 
2018-05-150 01:05:352 INFO  BankAppDriver:452 - Customer reference is set to null. c = (cParamD = null)
2018-05-150 01:05:352 INFO  BankAppDriver:463 - Check Object Read From .ser File - cParamD: 
2018-05-150 01:05:352 INFO  BankAppDriver:464 - username: google
2018-05-150 01:05:352 INFO  BankAppDriver:465 - firstName: google
2018-05-150 01:05:352 INFO  BankAppDriver:466 - lastName: world
2018-05-150 01:05:352 INFO  BankAppDriver:467 - address1: 1
2018-05-150 01:05:352 INFO  BankAppDriver:468 - address2: 2
2018-05-150 01:05:352 INFO  BankAppDriver:469 - city: 3
2018-05-150 01:05:368 INFO  BankAppDriver:470 - state: 3
2018-05-150 01:05:368 INFO  BankAppDriver:471 - phoneNumber: 4
2018-05-150 01:05:368 INFO  BankAppDriver:472 - email: 5
2018-05-150 01:05:368 INFO  BankAppDriver:473 - accessLevel: customer
2018-05-150 01:05:368 INFO  BankAppDriver:475 - secondJointAccUsername: george
2018-05-150 01:05:368 INFO  BankAppDriver:482 - End Deserialization - DeserializeCustomer() 

2018-05-150 01:05:368 INFO  BankAppDriver:506 - accessLvel: customer
2018-05-150 01:05:368 INFO  BankAppDriver:58 - Begin Deserialization - View Balance(): 
2018-05-150 01:05:368 INFO  BankAppDriver:60 - Account reference is set to null. a = (custAcc = null) 
2018-05-150 01:05:368 INFO  BankAppDriver:69 - Check Variable of Type Double Read From .ser File - balance
2018-05-150 01:05:368 INFO  BankAppDriver:70 - balance: 0.00
2018-05-150 01:05:368 INFO  BankAppDriver:85 - End Deserialization - View Balance() 

