2018-05-149 16:05:497 INFO  BankAppDriver:46 - usernameM: jack
2018-05-149 16:05:497 INFO  BankAppDriver:57 - accountExists: true

2018-05-149 16:05:497 INFO  BankAppDriver:115 - Username: jack
2018-05-149 16:05:497 INFO  BankAppDriver:116 - access level: null
2018-05-149 16:05:497 INFO  BankAppDriver:310 - Begin Deserialization - DeserializeCustomer(): 
2018-05-149 16:05:497 INFO  BankAppDriver:313 - Customer reference is set to null. c = (cParamD = null)
2018-05-149 16:05:638 INFO  BankAppDriver:324 - Check Object Read From .ser File - cParamD: 
2018-05-149 16:05:638 INFO  BankAppDriver:325 - username: jack
2018-05-149 16:05:638 INFO  BankAppDriver:326 - firstName: Jack
2018-05-149 16:05:638 INFO  BankAppDriver:327 - lastName: Jill
2018-05-149 16:05:638 INFO  BankAppDriver:328 - address1: 123 ABC St
2018-05-149 16:05:638 INFO  BankAppDriver:329 - address2: Apt 1234
2018-05-149 16:05:638 INFO  BankAppDriver:330 - city: Dallas
2018-05-149 16:05:638 INFO  BankAppDriver:331 - state: TX
2018-05-149 16:05:638 INFO  BankAppDriver:332 - phoneNumber: 1234567890
2018-05-149 16:05:638 INFO  BankAppDriver:333 - email: bankadmin@gmail.com
2018-05-149 16:05:654 INFO  BankAppDriver:334 - accessLevel: customer
2018-05-149 16:05:654 INFO  BankAppDriver:343 - End Deserialization - DeserializeCustomer() 

2018-05-149 16:05:654 INFO  BankAppDriver:367 - accessLvel: customer
2018-05-149 16:05:246 INFO  BankAppDriver:89 - Begin Deposit(): 
2018-05-149 16:05:261 INFO  BankAppDriver:93 - Deposit Amount: 5.00
2018-05-149 16:05:261 INFO  BankAppDriver:103 - Before Depositing, Balance = 30.00
2018-05-149 16:05:261 INFO  BankAppDriver:109 - After Depositing, Balance = 35.00
2018-05-149 16:05:261 INFO  BankAppDriver:23 - Begin Serialization - WriteAccount(): 
2018-05-149 16:05:261 INFO  BankAppDriver:32 - Serialized data will be written in bankcust/account/accjack.ser
2018-05-149 16:05:261 INFO  BankAppDriver:40 - Check Variable of Type Double Written To .ser File - balance
2018-05-149 16:05:261 INFO  BankAppDriver:41 - balance: 35.00
2018-05-149 16:05:261 INFO  BankAppDriver:46 - End Serialization - WriteAccount() 

2018-05-149 16:05:261 INFO  BankAppDriver:128 - End Deposit() 

2018-05-149 16:05:916 INFO  BankAppDriver:181 - Before withdraw: -> Username: jack
2018-05-149 16:05:916 INFO  BankAppDriver:132 - Begin Withdraw(): 
2018-05-149 16:05:916 INFO  BankAppDriver:134 - Username: jack
2018-05-149 16:05:916 INFO  BankAppDriver:137 - Withdraw Amount: 1.00
2018-05-149 16:05:916 INFO  BankAppDriver:147 - Before Withdrawing, Balance = 35.00
2018-05-149 16:05:916 INFO  BankAppDriver:153 - After Withdrawing, Balance = 34.00
2018-05-149 16:05:916 INFO  BankAppDriver:23 - Begin Serialization - WriteAccount(): 
2018-05-149 16:05:916 INFO  BankAppDriver:32 - Serialized data will be written in bankcust/account/accjack.ser
2018-05-149 16:05:931 INFO  BankAppDriver:40 - Check Variable of Type Double Written To .ser File - balance
2018-05-149 16:05:931 INFO  BankAppDriver:41 - balance: 34.00
2018-05-149 16:05:931 INFO  BankAppDriver:46 - End Serialization - WriteAccount() 

2018-05-149 16:05:931 INFO  BankAppDriver:171 - End Withdraw() 

2018-05-149 16:05:931 INFO  BankAppDriver:184 - After withdraw: -> Username: jack
