2018-05-149 23:05:794 INFO  BankAppDriver:25 - Begin Customer Creation: 
2018-05-149 23:05:810 INFO  BankAppDriver:40 - CreateCustomer(): 
2018-05-149 23:05:810 INFO  BankAppDriver:41 - username: lancome
2018-05-149 23:05:810 INFO  BankAppDriver:42 - firstName: Jack
2018-05-149 23:05:810 INFO  BankAppDriver:43 - lastName: Jill
2018-05-149 23:05:810 INFO  BankAppDriver:44 - address1: 123 ABC St
2018-05-149 23:05:810 INFO  BankAppDriver:45 - address2: Apt 1234
2018-05-149 23:05:810 INFO  BankAppDriver:46 - city: Dallas
2018-05-149 23:05:810 INFO  BankAppDriver:47 - state: TX
2018-05-149 23:05:810 INFO  BankAppDriver:48 - phoneNumber: 1234567890
2018-05-149 23:05:810 INFO  BankAppDriver:49 - email: jackjill@gmail.com
2018-05-149 23:05:810 INFO  BankAppDriver:50 - accessLve: customer
2018-05-149 23:05:810 INFO  BankAppDriver:51 - End Customer Creation 

2018-05-149 23:05:810 INFO  BankAppDriver:337 - Begin Serialization - SerializeCustomer(): 
2018-05-149 23:05:826 INFO  BankAppDriver:351 - Check Object Written To .ser File - cParamS: 
2018-05-149 23:05:826 INFO  BankAppDriver:352 - username: lancome
2018-05-149 23:05:841 INFO  BankAppDriver:353 - firstName: Jack
2018-05-149 23:05:841 INFO  BankAppDriver:354 - lastName: Jill
2018-05-149 23:05:841 INFO  BankAppDriver:355 - address1: 123 ABC St
2018-05-149 23:05:841 INFO  BankAppDriver:356 - address2: Apt 1234
2018-05-149 23:05:841 INFO  BankAppDriver:357 - city: Dallas
2018-05-149 23:05:841 INFO  BankAppDriver:358 - state: TX
2018-05-149 23:05:841 INFO  BankAppDriver:359 - phoneNumber: 1234567890
2018-05-149 23:05:841 INFO  BankAppDriver:360 - email: jackjill@gmail.com
2018-05-149 23:05:841 INFO  BankAppDriver:361 - accessLevel: customer
2018-05-149 23:05:841 INFO  BankAppDriver:373 - End Serialization - SerializeCustomer() 

2018-05-149 23:05:841 INFO  BankAppDriver:86 - c.username created: lancome

2018-05-149 23:05:846 INFO  BankAppDriver:23 - Begin Serialization - WriteAccount(): 
2018-05-149 23:05:847 INFO  BankAppDriver:32 - Serialized data will be written in bankcust/account/acclancome.ser
2018-05-149 23:05:848 INFO  BankAppDriver:40 - Check Variable of Type Double Written To .ser File - balance
2018-05-149 23:05:848 INFO  BankAppDriver:41 - balance: 0.00
2018-05-149 23:05:848 INFO  BankAppDriver:46 - End Serialization - WriteAccount() 

2018-05-149 23:05:848 INFO  BankAppDriver:387 - Begin Deserialization - DeserializeCustomer(): 
2018-05-149 23:05:848 INFO  BankAppDriver:390 - Customer reference is set to null. c = (cParamD = null)
2018-05-149 23:05:942 INFO  BankAppDriver:401 - Check Object Read From .ser File - cParamD: 
2018-05-149 23:05:942 INFO  BankAppDriver:402 - username: lancome
2018-05-149 23:05:942 INFO  BankAppDriver:403 - firstName: Jack
2018-05-149 23:05:942 INFO  BankAppDriver:404 - lastName: Jill
2018-05-149 23:05:942 INFO  BankAppDriver:405 - address1: 123 ABC St
2018-05-149 23:05:942 INFO  BankAppDriver:406 - address2: Apt 1234
2018-05-149 23:05:942 INFO  BankAppDriver:407 - city: Dallas
2018-05-149 23:05:942 INFO  BankAppDriver:408 - state: TX
2018-05-149 23:05:942 INFO  BankAppDriver:409 - phoneNumber: 1234567890
2018-05-149 23:05:942 INFO  BankAppDriver:410 - email: jackjill@gmail.com
2018-05-149 23:05:942 INFO  BankAppDriver:411 - accessLevel: customer
2018-05-149 23:05:942 INFO  BankAppDriver:420 - End Deserialization - DeserializeCustomer() 

2018-05-149 23:05:942 INFO  BankAppDriver:444 - accessLvel: customer
2018-05-149 23:05:942 INFO  BankAppDriver:58 - Begin Deserialization - View Balance(): 
2018-05-149 23:05:942 INFO  BankAppDriver:60 - Account reference is set to null. a = (custAcc = null) 
2018-05-149 23:05:942 INFO  BankAppDriver:69 - Check Variable of Type Double Read From .ser File - balance
2018-05-149 23:05:942 INFO  BankAppDriver:70 - balance: 0.00
2018-05-149 23:05:942 INFO  BankAppDriver:85 - End Deserialization - View Balance() 

2018-05-149 23:05:942 INFO  BankAppDriver:100 - jointAccount = false
2018-05-149 23:05:144 INFO  BankAppDriver:25 - Begin Customer Creation: 
2018-05-149 23:05:144 INFO  BankAppDriver:40 - CreateCustomer(): 
2018-05-149 23:05:144 INFO  BankAppDriver:41 - username: mio
2018-05-149 23:05:144 INFO  BankAppDriver:42 - firstName: Jack
2018-05-149 23:05:144 INFO  BankAppDriver:43 - lastName: Jill
2018-05-149 23:05:144 INFO  BankAppDriver:44 - address1: 123 ABC St
2018-05-149 23:05:144 INFO  BankAppDriver:45 - address2: Apt 1234
2018-05-149 23:05:144 INFO  BankAppDriver:46 - city: Dallas
2018-05-149 23:05:160 INFO  BankAppDriver:47 - state: TX
2018-05-149 23:05:160 INFO  BankAppDriver:48 - phoneNumber: 1234567890
2018-05-149 23:05:160 INFO  BankAppDriver:49 - email: jackjill@gmail.com
2018-05-149 23:05:160 INFO  BankAppDriver:50 - accessLve: customer
2018-05-149 23:05:160 INFO  BankAppDriver:51 - End Customer Creation 

2018-05-149 23:05:160 INFO  BankAppDriver:337 - Begin Serialization - SerializeCustomer(): 
2018-05-149 23:05:160 INFO  BankAppDriver:351 - Check Object Written To .ser File - cParamS: 
2018-05-149 23:05:160 INFO  BankAppDriver:352 - username: lancome
2018-05-149 23:05:160 INFO  BankAppDriver:353 - firstName: Jack
2018-05-149 23:05:160 INFO  BankAppDriver:354 - lastName: Jill
2018-05-149 23:05:160 INFO  BankAppDriver:355 - address1: 123 ABC St
2018-05-149 23:05:160 INFO  BankAppDriver:356 - address2: Apt 1234
2018-05-149 23:05:160 INFO  BankAppDriver:357 - city: Dallas
2018-05-149 23:05:160 INFO  BankAppDriver:358 - state: TX
2018-05-149 23:05:160 INFO  BankAppDriver:359 - phoneNumber: 1234567890
2018-05-149 23:05:160 INFO  BankAppDriver:360 - email: jackjill@gmail.com
2018-05-149 23:05:160 INFO  BankAppDriver:361 - accessLevel: customer
2018-05-149 23:05:160 INFO  BankAppDriver:363 - secondJointAccUsername: mio
2018-05-149 23:05:160 INFO  BankAppDriver:373 - End Serialization - SerializeCustomer() 

2018-05-149 23:05:160 INFO  BankAppDriver:337 - Begin Serialization - SerializeCustomer(): 
2018-05-149 23:05:170 INFO  BankAppDriver:351 - Check Object Written To .ser File - cParamS: 
2018-05-149 23:05:170 INFO  BankAppDriver:352 - username: mio
2018-05-149 23:05:170 INFO  BankAppDriver:353 - firstName: Jack
2018-05-149 23:05:170 INFO  BankAppDriver:354 - lastName: Jill
2018-05-149 23:05:170 INFO  BankAppDriver:355 - address1: 123 ABC St
2018-05-149 23:05:170 INFO  BankAppDriver:356 - address2: Apt 1234
2018-05-149 23:05:170 INFO  BankAppDriver:357 - city: Dallas
2018-05-149 23:05:170 INFO  BankAppDriver:358 - state: TX
2018-05-149 23:05:170 INFO  BankAppDriver:359 - phoneNumber: 1234567890
2018-05-149 23:05:170 INFO  BankAppDriver:360 - email: jackjill@gmail.com
2018-05-149 23:05:170 INFO  BankAppDriver:361 - accessLevel: customer
2018-05-149 23:05:170 INFO  BankAppDriver:363 - secondJointAccUsername: lancome
2018-05-149 23:05:170 INFO  BankAppDriver:373 - End Serialization - SerializeCustomer() 

2018-05-149 23:05:170 INFO  BankAppDriver:140 - d.username created: mio
2018-05-149 23:05:170 INFO  BankAppDriver:23 - Begin Serialization - WriteAccount(): 
2018-05-149 23:05:170 INFO  BankAppDriver:32 - Serialized data will be written in bankcust/account/accmio.ser
2018-05-149 23:05:170 INFO  BankAppDriver:40 - Check Variable of Type Double Written To .ser File - balance
2018-05-149 23:05:170 INFO  BankAppDriver:41 - balance: 0.00
2018-05-149 23:05:170 INFO  BankAppDriver:46 - End Serialization - WriteAccount() 

2018-05-149 23:05:170 INFO  BankAppDriver:387 - Begin Deserialization - DeserializeCustomer(): 
2018-05-149 23:05:170 INFO  BankAppDriver:390 - Customer reference is set to null. c = (cParamD = null)
2018-05-149 23:05:170 INFO  BankAppDriver:401 - Check Object Read From .ser File - cParamD: 
2018-05-149 23:05:170 INFO  BankAppDriver:402 - username: mio
2018-05-149 23:05:170 INFO  BankAppDriver:403 - firstName: Jack
2018-05-149 23:05:170 INFO  BankAppDriver:404 - lastName: Jill
2018-05-149 23:05:170 INFO  BankAppDriver:405 - address1: 123 ABC St
2018-05-149 23:05:170 INFO  BankAppDriver:406 - address2: Apt 1234
2018-05-149 23:05:170 INFO  BankAppDriver:407 - city: Dallas
2018-05-149 23:05:170 INFO  BankAppDriver:408 - state: TX
2018-05-149 23:05:170 INFO  BankAppDriver:409 - phoneNumber: 1234567890
2018-05-149 23:05:170 INFO  BankAppDriver:410 - email: jackjill@gmail.com
2018-05-149 23:05:170 INFO  BankAppDriver:411 - accessLevel: customer
2018-05-149 23:05:170 INFO  BankAppDriver:413 - secondJointAccUsername: lancome
2018-05-149 23:05:170 INFO  BankAppDriver:420 - End Deserialization - DeserializeCustomer() 

2018-05-149 23:05:170 INFO  BankAppDriver:444 - accessLvel: customer
2018-05-149 23:05:170 INFO  BankAppDriver:58 - Begin Deserialization - View Balance(): 
2018-05-149 23:05:170 INFO  BankAppDriver:60 - Account reference is set to null. a = (custAcc = null) 
2018-05-149 23:05:170 INFO  BankAppDriver:69 - Check Variable of Type Double Read From .ser File - balance
2018-05-149 23:05:170 INFO  BankAppDriver:70 - balance: 0.00
2018-05-149 23:05:170 INFO  BankAppDriver:85 - End Deserialization - View Balance() 

