2018-05-150 01:05:38 INFO  BankAppDriver:27 - Begin Customer Creation: 
2018-05-150 01:05:729 INFO  BankAppDriver:58 - CreateCustomer(): 
2018-05-150 01:05:729 INFO  BankAppDriver:59 - username: power
2018-05-150 01:05:729 INFO  BankAppDriver:60 - firstName: power
2018-05-150 01:05:729 INFO  BankAppDriver:61 - lastName: ade
2018-05-150 01:05:729 INFO  BankAppDriver:62 - address1: 1
2018-05-150 01:05:745 INFO  BankAppDriver:63 - address2: 23
2018-05-150 01:05:745 INFO  BankAppDriver:64 - city: 4
2018-05-150 01:05:745 INFO  BankAppDriver:65 - state: 5
2018-05-150 01:05:745 INFO  BankAppDriver:66 - phoneNumber: 6
2018-05-150 01:05:745 INFO  BankAppDriver:67 - email: 7
2018-05-150 01:05:745 INFO  BankAppDriver:68 - accessLve: customer
2018-05-150 01:05:745 INFO  BankAppDriver:69 - End Customer Creation 

2018-05-150 01:05:745 INFO  BankAppDriver:396 - Begin Serialization - SerializeCustomer(): 
2018-05-150 01:05:760 INFO  BankAppDriver:410 - Check Object Written To .ser File - cParamS: 
2018-05-150 01:05:760 INFO  BankAppDriver:411 - username: power
2018-05-150 01:05:760 INFO  BankAppDriver:412 - firstName: power
2018-05-150 01:05:760 INFO  BankAppDriver:413 - lastName: ade
2018-05-150 01:05:760 INFO  BankAppDriver:414 - address1: 1
2018-05-150 01:05:760 INFO  BankAppDriver:415 - address2: 23
2018-05-150 01:05:760 INFO  BankAppDriver:416 - city: 4
2018-05-150 01:05:776 INFO  BankAppDriver:417 - state: 5
2018-05-150 01:05:776 INFO  BankAppDriver:418 - phoneNumber: 6
2018-05-150 01:05:776 INFO  BankAppDriver:419 - email: 7
2018-05-150 01:05:776 INFO  BankAppDriver:420 - accessLevel: customer
2018-05-150 01:05:776 INFO  BankAppDriver:432 - End Serialization - SerializeCustomer() 

2018-05-150 01:05:776 INFO  BankAppDriver:86 - c.username created: power

2018-05-150 01:05:777 INFO  BankAppDriver:23 - Begin Serialization - WriteAccount(): 
2018-05-150 01:05:778 INFO  BankAppDriver:32 - Serialized data will be written in bankcust/account/accpower.ser
2018-05-150 01:05:779 INFO  BankAppDriver:40 - Check Variable of Type Double Written To .ser File - balance
2018-05-150 01:05:779 INFO  BankAppDriver:41 - balance: 0.00
2018-05-150 01:05:779 INFO  BankAppDriver:46 - End Serialization - WriteAccount() 

2018-05-150 01:05:779 INFO  BankAppDriver:446 - Begin Deserialization - DeserializeCustomer(): 
2018-05-150 01:05:779 INFO  BankAppDriver:449 - Customer reference is set to null. c = (cParamD = null)
2018-05-150 01:05:873 INFO  BankAppDriver:460 - Check Object Read From .ser File - cParamD: 
2018-05-150 01:05:873 INFO  BankAppDriver:461 - username: power
2018-05-150 01:05:873 INFO  BankAppDriver:462 - firstName: power
2018-05-150 01:05:873 INFO  BankAppDriver:463 - lastName: ade
2018-05-150 01:05:873 INFO  BankAppDriver:464 - address1: 1
2018-05-150 01:05:873 INFO  BankAppDriver:465 - address2: 23
2018-05-150 01:05:873 INFO  BankAppDriver:466 - city: 4
2018-05-150 01:05:873 INFO  BankAppDriver:467 - state: 5
2018-05-150 01:05:873 INFO  BankAppDriver:468 - phoneNumber: 6
2018-05-150 01:05:873 INFO  BankAppDriver:469 - email: 7
2018-05-150 01:05:873 INFO  BankAppDriver:470 - accessLevel: customer
2018-05-150 01:05:873 INFO  BankAppDriver:479 - End Deserialization - DeserializeCustomer() 

2018-05-150 01:05:873 INFO  BankAppDriver:503 - accessLvel: customer
2018-05-150 01:05:873 INFO  BankAppDriver:58 - Begin Deserialization - View Balance(): 
2018-05-150 01:05:873 INFO  BankAppDriver:60 - Account reference is set to null. a = (custAcc = null) 
2018-05-150 01:05:873 INFO  BankAppDriver:69 - Check Variable of Type Double Read From .ser File - balance
2018-05-150 01:05:873 INFO  BankAppDriver:70 - balance: 0.00
2018-05-150 01:05:873 INFO  BankAppDriver:85 - End Deserialization - View Balance() 

2018-05-150 01:05:873 INFO  BankAppDriver:100 - jointAccount = false
2018-05-150 01:05:855 INFO  BankAppDriver:27 - Begin Customer Creation: 
2018-05-150 01:05:366 INFO  BankAppDriver:58 - CreateCustomer(): 
2018-05-150 01:05:366 INFO  BankAppDriver:59 - username: gator
2018-05-150 01:05:366 INFO  BankAppDriver:60 - firstName: gator
2018-05-150 01:05:366 INFO  BankAppDriver:61 - lastName: ade
2018-05-150 01:05:366 INFO  BankAppDriver:62 - address1: 1
2018-05-150 01:05:366 INFO  BankAppDriver:63 - address2: 23
2018-05-150 01:05:366 INFO  BankAppDriver:64 - city: 4
2018-05-150 01:05:366 INFO  BankAppDriver:65 - state: 5
2018-05-150 01:05:366 INFO  BankAppDriver:66 - phoneNumber: 6
2018-05-150 01:05:366 INFO  BankAppDriver:67 - email: 7
2018-05-150 01:05:366 INFO  BankAppDriver:68 - accessLve: customer
2018-05-150 01:05:366 INFO  BankAppDriver:69 - End Customer Creation 

2018-05-150 01:05:366 INFO  BankAppDriver:396 - Begin Serialization - SerializeCustomer(): 
2018-05-150 01:05:366 INFO  BankAppDriver:410 - Check Object Written To .ser File - cParamS: 
2018-05-150 01:05:366 INFO  BankAppDriver:411 - username: power
2018-05-150 01:05:366 INFO  BankAppDriver:412 - firstName: power
2018-05-150 01:05:366 INFO  BankAppDriver:413 - lastName: ade
2018-05-150 01:05:366 INFO  BankAppDriver:414 - address1: 1
2018-05-150 01:05:366 INFO  BankAppDriver:415 - address2: 23
2018-05-150 01:05:366 INFO  BankAppDriver:416 - city: 4
2018-05-150 01:05:366 INFO  BankAppDriver:417 - state: 5
2018-05-150 01:05:366 INFO  BankAppDriver:418 - phoneNumber: 6
2018-05-150 01:05:366 INFO  BankAppDriver:419 - email: 7
2018-05-150 01:05:382 INFO  BankAppDriver:420 - accessLevel: customer
2018-05-150 01:05:382 INFO  BankAppDriver:422 - secondJointAccUsername: gator
2018-05-150 01:05:382 INFO  BankAppDriver:432 - End Serialization - SerializeCustomer() 

2018-05-150 01:05:382 INFO  BankAppDriver:396 - Begin Serialization - SerializeCustomer(): 
2018-05-150 01:05:385 INFO  BankAppDriver:410 - Check Object Written To .ser File - cParamS: 
2018-05-150 01:05:385 INFO  BankAppDriver:411 - username: gator
2018-05-150 01:05:385 INFO  BankAppDriver:412 - firstName: gator
2018-05-150 01:05:385 INFO  BankAppDriver:413 - lastName: ade
2018-05-150 01:05:385 INFO  BankAppDriver:414 - address1: 1
2018-05-150 01:05:385 INFO  BankAppDriver:415 - address2: 23
2018-05-150 01:05:385 INFO  BankAppDriver:416 - city: 4
2018-05-150 01:05:385 INFO  BankAppDriver:417 - state: 5
2018-05-150 01:05:385 INFO  BankAppDriver:418 - phoneNumber: 6
2018-05-150 01:05:385 INFO  BankAppDriver:419 - email: 7
2018-05-150 01:05:385 INFO  BankAppDriver:420 - accessLevel: customer
2018-05-150 01:05:385 INFO  BankAppDriver:422 - secondJointAccUsername: power
2018-05-150 01:05:385 INFO  BankAppDriver:432 - End Serialization - SerializeCustomer() 

2018-05-150 01:05:385 INFO  BankAppDriver:142 - d.username created: gator
2018-05-150 01:05:385 INFO  BankAppDriver:23 - Begin Serialization - WriteAccount(): 
2018-05-150 01:05:385 INFO  BankAppDriver:32 - Serialized data will be written in bankcust/account/accgator.ser
2018-05-150 01:05:385 INFO  BankAppDriver:40 - Check Variable of Type Double Written To .ser File - balance
2018-05-150 01:05:385 INFO  BankAppDriver:41 - balance: 0.00
2018-05-150 01:05:385 INFO  BankAppDriver:46 - End Serialization - WriteAccount() 

2018-05-150 01:05:385 INFO  BankAppDriver:446 - Begin Deserialization - DeserializeCustomer(): 
2018-05-150 01:05:385 INFO  BankAppDriver:449 - Customer reference is set to null. c = (cParamD = null)
2018-05-150 01:05:385 INFO  BankAppDriver:460 - Check Object Read From .ser File - cParamD: 
2018-05-150 01:05:385 INFO  BankAppDriver:461 - username: gator
2018-05-150 01:05:385 INFO  BankAppDriver:462 - firstName: gator
2018-05-150 01:05:385 INFO  BankAppDriver:463 - lastName: ade
2018-05-150 01:05:385 INFO  BankAppDriver:464 - address1: 1
2018-05-150 01:05:385 INFO  BankAppDriver:465 - address2: 23
2018-05-150 01:05:385 INFO  BankAppDriver:466 - city: 4
2018-05-150 01:05:385 INFO  BankAppDriver:467 - state: 5
2018-05-150 01:05:385 INFO  BankAppDriver:468 - phoneNumber: 6
2018-05-150 01:05:385 INFO  BankAppDriver:469 - email: 7
2018-05-150 01:05:385 INFO  BankAppDriver:470 - accessLevel: customer
2018-05-150 01:05:385 INFO  BankAppDriver:472 - secondJointAccUsername: power
2018-05-150 01:05:385 INFO  BankAppDriver:479 - End Deserialization - DeserializeCustomer() 

2018-05-150 01:05:385 INFO  BankAppDriver:503 - accessLvel: customer
2018-05-150 01:05:385 INFO  BankAppDriver:58 - Begin Deserialization - View Balance(): 
2018-05-150 01:05:385 INFO  BankAppDriver:60 - Account reference is set to null. a = (custAcc = null) 
2018-05-150 01:05:385 INFO  BankAppDriver:69 - Check Variable of Type Double Read From .ser File - balance
2018-05-150 01:05:385 INFO  BankAppDriver:70 - balance: 0.00
2018-05-150 01:05:385 INFO  BankAppDriver:85 - End Deserialization - View Balance() 

